2018-12-13 15:39:20 +0000  Initial pipeline context: <IDEDistributionProcessingPipelineContext: 0x7fa87ea540c0; archive(resolved)='<IDEArchive: 0x7fa87c6460a0>', distributionTask(resolved)='2', distributionDestination(resolved)='1', distributionMethod(resolved)='<IDEDistributionMethodDevelopmentSigned: 0x7fa87c3a6650>', team(resolved)='<IDEProvisioningDisambiguatableBasicTeam: 0x7fa88fa23b00; teamID='774S7CUTG6', teamName='Fanshuai He', teamType='(null)', username='(null)', isFreeProvisioningTeam='0'>'>
	Chain (12, self inclusive):
	<IDEDistributionProcessingPipelineContext: 0x7fa87ea540c0; archive = '<IDEArchive: 0x7fa87c6460a0>', distributionMethod='<IDEDistributionMethodDevelopmentSigned: 0x7fa87c3a6650>', team='<IDEProvisioningDisambiguatableBasicTeam: 0x7fa88fa23b00; teamID='774S7CUTG6', teamName='Fanshuai He', teamType='(null)', username='(null)', isFreeProvisioningTeam='0'>'>
	<IDEDistributionProcessingPipelineContext: 0x7fa87b6b6bb0; archive = '<IDEArchive: 0x7fa87c6460a0>', distributionMethod='<IDEDistributionMethodDevelopmentSigned: 0x7fa87c3a6650>', team='<IDEProvisioningDisambiguatableBasicTeam: 0x7fa88fa23b00; teamID='774S7CUTG6', teamName='Fanshuai He', teamType='(null)', username='(null)', isFreeProvisioningTeam='0'>'>
	<IDEDistributionContext: 0x7fa883ada880; archive = '<IDEArchive: 0x7fa87c6460a0>', distributionMethod='<IDEDistributionMethodDevelopmentSigned: 0x7fa87c3a6650>', team='<IDEProvisioningDisambiguatableBasicTeam: 0x7fa88fa23b00; teamID='774S7CUTG6', teamName='Fanshuai He', teamType='(null)', username='(null)', isFreeProvisioningTeam='0'>'>
	<IDEDistributionContext: 0x7fa8821e0440; archive = '<IDEArchive: 0x7fa87c6460a0>', distributionMethod='<IDEDistributionMethodDevelopmentSigned: 0x7fa87c3a6650>', team='<IDEProvisioningDisambiguatableBasicTeam: 0x7fa88fa23b00; teamID='774S7CUTG6', teamName='Fanshuai He', teamType='(null)', username='(null)', isFreeProvisioningTeam='0'>'>
	<IDEDistributionContext: 0x7fa8821dfa80; archive = '<IDEArchive: 0x7fa87c6460a0>', distributionMethod='<IDEDistributionMethodDevelopmentSigned: 0x7fa87c3a6650>', team='<IDEProvisioningDisambiguatableBasicTeam: 0x7fa88fa23b00; teamID='774S7CUTG6', teamName='Fanshuai He', teamType='(null)', username='(null)', isFreeProvisioningTeam='0'>'>
	<IDEDistributionContext: 0x7fa883c9c550; archive = '<IDEArchive: 0x7fa87c6460a0>', distributionMethod='<IDEDistributionMethodDevelopmentSigned: 0x7fa87c3a6650>', team='<IDEProvisioningDisambiguatableBasicTeam: 0x7fa88fa23b00; teamID='774S7CUTG6', teamName='Fanshuai He', teamType='(null)', username='(null)', isFreeProvisioningTeam='0'>'>
	<IDEDistributionContext: 0x7fa87c8484c0; archive = '<IDEArchive: 0x7fa87c6460a0>', distributionMethod='<IDEDistributionMethodDevelopmentSigned: 0x7fa87c3a6650>', team='<IDEProvisioningDisambiguatableBasicTeam: 0x7fa88fa23b00; teamID='774S7CUTG6', teamName='Fanshuai He', teamType='(null)', username='(null)', isFreeProvisioningTeam='0'>'>
	<IDEDistributionContext: 0x7fa882745ec0; archive = '<IDEArchive: 0x7fa87c6460a0>', distributionMethod='<IDEDistributionMethodDevelopmentSigned: 0x7fa87c3a6650>', team='<IDEProvisioningDisambiguatableBasicTeam: 0x7fa88fa23b00; teamID='774S7CUTG6', teamName='Fanshuai He', teamType='(null)', username='(null)', isFreeProvisioningTeam='0'>'>
	<IDEDistributionContext: 0x7fa8839ef960; archive = '<IDEArchive: 0x7fa87c6460a0>', distributionMethod='<IDEDistributionMethodDevelopmentSigned: 0x7fa87c3a6650>', team='<IDEProvisioningDisambiguatableBasicTeam: 0x7fa88fa23b00; teamID='774S7CUTG6', teamName='Fanshuai He', teamType='(null)', username='(null)', isFreeProvisioningTeam='0'>'>
	<IDEDistributionContext: 0x7fa881cbd690; archive = '<IDEArchive: 0x7fa87c6460a0>', distributionMethod='<IDEDistributionMethodDevelopmentSigned: 0x7fa87c3a6650>', team='(null)'>
	<IDEDistributionContext: 0x7fa881cee0f0; archive = '<IDEArchive: 0x7fa87c6460a0>', distributionMethod='<IDEDistributionMethodDevelopmentSigned: 0x7fa87c3a6650>', team='(null)'>
	<IDEDistributionContext: 0x7fa883833f60; archive = '<IDEArchive: 0x7fa87c6460a0>', distributionMethod='(null)', team='(null)'>
</IDEDistributionProcessingPipelineContext: 0x7fa87ea540c0>
2018-12-13 15:39:20 +0000  Processing step: IDEDistributionCreateDestRootStep
2018-12-13 15:39:20 +0000  Processing step: IDEDistributionCopyItemStep
2018-12-13 15:39:20 +0000  Running /usr/bin/ditto '-V' '/Users/Lee/Library/Developer/Xcode/Archives/2018-12-13/iShuYin 2018-12-13 下午11.38.xcarchive/Products/Applications/iShuYin.app' '/var/folders/lw/v7vw1ln97fb59t_9f8pytdb00000gn/T/XcodeDistPipeline.gzq/Root/Payload/iShuYin.app'
2018-12-13 15:39:20 +0000  >>> Copying /Users/Lee/Library/Developer/Xcode/Archives/2018-12-13/iShuYin 2018-12-13 下午11.38.xcarchive/Products/Applications/iShuYin.app 
2018-12-13 15:39:20 +0000  copying file ./_CodeSignature/CodeResources ... 
2018-12-13 15:39:20 +0000  69376 bytes for ./_CodeSignature/CodeResources
2018-12-13 15:39:20 +0000  copying file ./SharePlatformView.nib ... 
2018-12-13 15:39:20 +0000  7731 bytes for ./SharePlatformView.nib
2018-12-13 15:39:20 +0000  copying file ./zh-Hans.lproj/LaunchScreen.strings ... 
2018-12-13 15:39:20 +0000  1 bytes for ./zh-Hans.lproj/LaunchScreen.strings
copying file ./zh-Hans.lproj/Main.strings ... 
2018-12-13 15:39:20 +0000  4734 bytes for ./zh-Hans.lproj/Main.strings
2018-12-13 15:39:20 +0000  copying file ./AppIcon20x20@2x.png ... 
2018-12-13 15:39:20 +0000  1999 bytes for ./AppIcon20x20@2x.png
copying file ./ISYNOSubscribeView.nib ... 
2018-12-13 15:39:20 +0000  4197 bytes for ./ISYNOSubscribeView.nib
copying file ./BookPlayButtonView.nib ... 
2018-12-13 15:39:20 +0000  7559 bytes for ./BookPlayButtonView.nib
2018-12-13 15:39:20 +0000  copying file ./AppIcon20x20@3x.png ... 
2018-12-13 15:39:20 +0000  2438 bytes for ./AppIcon20x20@3x.png
copying file ./SettingCell.nib ... 
2018-12-13 15:39:20 +0000  3469 bytes for ./SettingCell.nib
2018-12-13 15:39:20 +0000  copying file ./UpdateRemindView.nib ... 
2018-12-13 15:39:20 +0000  5541 bytes for ./UpdateRemindView.nib
2018-12-13 15:39:20 +0000  copying file ./MJRefresh.bundle/zh-Hans.lproj/Localizable.strings ... 
2018-12-13 15:39:20 +0000  1194 bytes for ./MJRefresh.bundle/zh-Hans.lproj/Localizable.strings
2018-12-13 15:39:20 +0000  copying file ./MJRefresh.bundle/en.lproj/Localizable.strings ... 
2018-12-13 15:39:20 +0000  1372 bytes for ./MJRefresh.bundle/en.lproj/Localizable.strings
2018-12-13 15:39:20 +0000  copying file ./MJRefresh.bundle/arrow@2x.png ... 
2018-12-13 15:39:20 +0000  1033 bytes for ./MJRefresh.bundle/arrow@2x.png
2018-12-13 15:39:20 +0000  copying file ./MJRefresh.bundle/zh-Hant.lproj/Localizable.strings ... 
2018-12-13 15:39:20 +0000  773 bytes for ./MJRefresh.bundle/zh-Hant.lproj/Localizable.strings
2018-12-13 15:39:20 +0000  copying file ./RecentPlayCell.nib ... 
2018-12-13 15:39:20 +0000  4299 bytes for ./RecentPlayCell.nib
2018-12-13 15:39:20 +0000  copying file ./UMSocialSDKResources.bundle/UMSocialWaterMark/umsocial_defaultwatermark.png ... 
2018-12-13 15:39:20 +0000  3003 bytes for ./UMSocialSDKResources.bundle/UMSocialWaterMark/umsocial_defaultwatermark.png
2018-12-13 15:39:20 +0000  copying file ./UMSocialSDKResources.bundle/zh-Hans.lproj/UMSocialLocalizable.strings ... 
2018-12-13 15:39:20 +0000  6685 bytes for ./UMSocialSDKResources.bundle/zh-Hans.lproj/UMSocialLocalizable.strings
2018-12-13 15:39:20 +0000  copying file ./UMSocialSDKResources.bundle/en.lproj/UMSocialLocalizable.strings ... 
2018-12-13 15:39:20 +0000  6503 bytes for ./UMSocialSDKResources.bundle/en.lproj/UMSocialLocalizable.strings
2018-12-13 15:39:20 +0000  copying file ./UMSocialSDKResources.bundle/Buttons/UMS_nav_button_close@2x.png ... 
2018-12-13 15:39:20 +0000  500 bytes for ./UMSocialSDKResources.bundle/Buttons/UMS_nav_button_close@2x.png
copying file ./UMSocialSDKResources.bundle/Buttons/UMS_url_image@2x.png ... 
2018-12-13 15:39:20 +0000  1562 bytes for ./UMSocialSDKResources.bundle/Buttons/UMS_url_image@2x.png
copying file ./UMSocialSDKResources.bundle/Buttons/UMS_url_music@2x.png ... 
2018-12-13 15:39:20 +0000  1771 bytes for ./UMSocialSDKResources.bundle/Buttons/UMS_url_music@2x.png
2018-12-13 15:39:20 +0000  copying file ./UMSocialSDKResources.bundle/Buttons/UMS_add_friend_off@2x.png ... 
2018-12-13 15:39:20 +0000  134 bytes for ./UMSocialSDKResources.bundle/Buttons/UMS_add_friend_off@2x.png
copying file ./UMSocialSDKResources.bundle/Buttons/UMS_delete_image_button_normal@2x.png ... 
2018-12-13 15:39:20 +0000  891 bytes for ./UMSocialSDKResources.bundle/Buttons/UMS_delete_image_button_normal@2x.png
2018-12-13 15:39:20 +0000  copying file ./UMSocialSDKResources.bundle/Buttons/UMS_nav_button_send@2x.png ... 
2018-12-13 15:39:20 +0000  1624 bytes for ./UMSocialSDKResources.bundle/Buttons/UMS_nav_button_send@2x.png
2018-12-13 15:39:20 +0000  copying file ./UMSocialSDKResources.bundle/Buttons/UMS_url_video@2x.png ... 
2018-12-13 15:39:20 +0000  2062 bytes for ./UMSocialSDKResources.bundle/Buttons/UMS_url_video@2x.png
2018-12-13 15:39:20 +0000  copying file ./UMSocialSDKResources.bundle/UMSocialPlatformTheme/default/umsocial_renren.png ... 
2018-12-13 15:39:20 +0000  1529 bytes for ./UMSocialSDKResources.bundle/UMSocialPlatformTheme/default/umsocial_renren.png
copying file ./UMSocialSDKResources.bundle/UMSocialPlatformTheme/default/umsocial_default.png ... 
2018-12-13 15:39:20 +0000  4203 bytes for ./UMSocialSDKResources.bundle/UMSocialPlatformTheme/default/umsocial_default.png
2018-12-13 15:39:20 +0000  copying file ./UMSocialSDKResources.bundle/UMSocialPlatformTheme/default/umsocial_pinterest.png ... 
2018-12-13 15:39:20 +0000  1987 bytes for ./UMSocialSDKResources.bundle/UMSocialPlatformTheme/default/umsocial_pinterest.png
copying file ./UMSocialSDKResources.bundle/UMSocialPlatformTheme/default/umsocial_alipay.png ... 
2018-12-13 15:39:20 +0000  1370 bytes for ./UMSocialSDKResources.bundle/UMSocialPlatformTheme/default/umsocial_alipay.png
copying file ./UMSocialSDKResources.bundle/UMSocialPlatformTheme/default/umsocial_yixin_session.png ... 
2018-12-13 15:39:20 +0000  1833 bytes for ./UMSocialSDKResources.bundle/UMSocialPlatformTheme/default/umsocial_yixin_session.png
copying file ./UMSocialSDKResources.bundle/UMSocialPlatformTheme/default/umsocial_vkontakte.png ... 
2018-12-13 15:39:20 +0000  1867 bytes for ./UMSocialSDKResources.bundle/UMSocialPlatformTheme/default/umsocial_vkontakte.png
copying file ./UMSocialSDKResources.bundle/UMSocialPlatformTheme/default/umsocial_tim.png ... 
2018-12-13 15:39:20 +0000  2597 bytes for ./UMSocialSDKResources.bundle/UMSocialPlatformTheme/default/umsocial_tim.png
copying file ./UMSocialSDKResources.bundle/UMSocialPlatformTheme/default/umsocial_lw_session.png ... 
2018-12-13 15:39:20 +0000  2391 bytes for ./UMSocialSDKResources.bundle/UMSocialPlatformTheme/default/umsocial_lw_session.png
2018-12-13 15:39:20 +0000  copying file ./UMSocialSDKResources.bundle/UMSocialPlatformTheme/default/umsocial_linkedin.png ... 
2018-12-13 15:39:20 +0000  1637 bytes for ./UMSocialSDKResources.bundle/UMSocialPlatformTheme/default/umsocial_linkedin.png
copying file ./UMSocialSDKResources.bundle/UMSocialPlatformTheme/default/umsocial_yixin_favorite.png ... 
2018-12-13 15:39:20 +0000  4145 bytes for ./UMSocialSDKResources.bundle/UMSocialPlatformTheme/default/umsocial_yixin_favorite.png
2018-12-13 15:39:20 +0000  copying file ./UMSocialSDKResources.bundle/UMSocialPlatformTheme/default/umsocial_youdaonote.png ... 
2018-12-13 15:39:20 +0000  1158 bytes for ./UMSocialSDKResources.bundle/UMSocialPlatformTheme/default/umsocial_youdaonote.png
2018-12-13 15:39:20 +0000  copying file ./UMSocialSDKResources.bundle/UMSocialPlatformTheme/default/umsocial_flickr.png ... 
2018-12-13 15:39:20 +0000  979 bytes for ./UMSocialSDKResources.bundle/UMSocialPlatformTheme/default/umsocial_flickr.png
copying file ./UMSocialSDKResources.bundle/UMSocialPlatformTheme/default/umsocial_line.png ... 
2018-12-13 15:39:20 +0000  1720 bytes for ./UMSocialSDKResources.bundle/UMSocialPlatformTheme/default/umsocial_line.png
2018-12-13 15:39:20 +0000  copying file ./UMSocialSDKResources.bundle/UMSocialPlatformTheme/default/umsocial_email.png ... 
2018-12-13 15:39:20 +0000  1211 bytes for ./UMSocialSDKResources.bundle/UMSocialPlatformTheme/default/umsocial_email.png
2018-12-13 15:39:20 +0000  copying file ./UMSocialSDKResources.bundle/UMSocialPlatformTheme/default/umsocial_sms.png ... 
2018-12-13 15:39:20 +0000  1127 bytes for ./UMSocialSDKResources.bundle/UMSocialPlatformTheme/default/umsocial_sms.png
copying file ./UMSocialSDKResources.bundle/UMSocialPlatformTheme/default/umsocial_evernote.png ... 
2018-12-13 15:39:20 +0000  1267 bytes for ./UMSocialSDKResources.bundle/UMSocialPlatformTheme/default/umsocial_evernote.png
2018-12-13 15:39:20 +0000  copying file ./UMSocialSDKResources.bundle/UMSocialPlatformTheme/default/umsocial_twitter.png ... 
2018-12-13 15:39:20 +0000  1442 bytes for ./UMSocialSDKResources.bundle/UMSocialPlatformTheme/default/umsocial_twitter.png
2018-12-13 15:39:20 +0000  copying file ./UMSocialSDKResources.bundle/UMSocialPlatformTheme/default/umsocial_whatsapp.png ... 
2018-12-13 15:39:20 +0000  1832 bytes for ./UMSocialSDKResources.bundle/UMSocialPlatformTheme/default/umsocial_whatsapp.png
2018-12-13 15:39:20 +0000  copying file ./UMSocialSDKResources.bundle/UMSocialPlatformTheme/default/umsocial_googleplus.png ... 
2018-12-13 15:39:20 +0000  2320 bytes for ./UMSocialSDKResources.bundle/UMSocialPlatformTheme/default/umsocial_googleplus.png
copying file ./UMSocialSDKResources.bundle/UMSocialPlatformTheme/default/umsocial_douban.png ... 
2018-12-13 15:39:20 +0000  813 bytes for ./UMSocialSDKResources.bundle/UMSocialPlatformTheme/default/umsocial_douban.png
copying file ./UMSocialSDKResources.bundle/UMSocialPlatformTheme/default/umsocial_lw_timeline.png ... 
2018-12-13 15:39:20 +0000  1139 bytes for ./UMSocialSDKResources.bundle/UMSocialPlatformTheme/default/umsocial_lw_timeline.png
copying file ./UMSocialSDKResources.bundle/UMSocialPlatformTheme/default/umsocial_facebook.png ... 
2018-12-13 15:39:20 +0000  1468 bytes for ./UMSocialSDKResources.bundle/UMSocialPlatformTheme/default/umsocial_facebook.png
2018-12-13 15:39:20 +0000  copying file ./UMSocialSDKResources.bundle/UMSocialPlatformTheme/default/umsocial_dingding.png ... 
2018-12-13 15:39:20 +0000  1390 bytes for ./UMSocialSDKResources.bundle/UMSocialPlatformTheme/default/umsocial_dingding.png
2018-12-13 15:39:20 +0000  copying file ./UMSocialSDKResources.bundle/UMSocialPlatformTheme/default/umsocial_wechat.png ... 
2018-12-13 15:39:20 +0000  1628 bytes for ./UMSocialSDKResources.bundle/UMSocialPlatformTheme/default/umsocial_wechat.png
2018-12-13 15:39:20 +0000  copying file ./UMSocialSDKResources.bundle/UMSocialPlatformTheme/default/umsocial_yixin_timeline.png ... 
2018-12-13 15:39:20 +0000  2199 bytes for ./UMSocialSDKResources.bundle/UMSocialPlatformTheme/default/umsocial_yixin_timeline.png
copying file ./UMSocialSDKResources.bundle/UMSocialPlatformTheme/default/umsocial_dropbox.png ... 
2018-12-13 15:39:20 +0000  1692 bytes for ./UMSocialSDKResources.bundle/UMSocialPlatformTheme/default/umsocial_dropbox.png
copying file ./UMSocialSDKResources.bundle/UMSocialPlatformTheme/default/umsocial_pocket.png ... 
2018-12-13 15:39:20 +0000  1405 bytes for ./UMSocialSDKResources.bundle/UMSocialPlatformTheme/default/umsocial_pocket.png
2018-12-13 15:39:20 +0000  copying file ./UMSocialSDKResources.bundle/UMSocialPlatformTheme/default/umsocial_wechat_timeline.png ... 
2018-12-13 15:39:20 +0000  1506 bytes for ./UMSocialSDKResources.bundle/UMSocialPlatformTheme/default/umsocial_wechat_timeline.png
2018-12-13 15:39:20 +0000  copying file ./UMSocialSDKResources.bundle/UMSocialPlatformTheme/default/umsocial_tencentWB.png ... 
2018-12-13 15:39:20 +0000  1943 bytes for ./UMSocialSDKResources.bundle/UMSocialPlatformTheme/default/umsocial_tencentWB.png
copying file ./UMSocialSDKResources.bundle/UMSocialPlatformTheme/default/umsocial_wechat_favorite.png ... 
2018-12-13 15:39:20 +0000  1179 bytes for ./UMSocialSDKResources.bundle/UMSocialPlatformTheme/default/umsocial_wechat_favorite.png
2018-12-13 15:39:20 +0000  copying file ./UMSocialSDKResources.bundle/UMSocialPlatformTheme/default/umsocial_sina.png ... 
2018-12-13 15:39:20 +0000  2581 bytes for ./UMSocialSDKResources.bundle/UMSocialPlatformTheme/default/umsocial_sina.png
copying file ./UMSocialSDKResources.bundle/UMSocialPlatformTheme/default/umsocial_tumblr.png ... 
2018-12-13 15:39:20 +0000  1564 bytes for ./UMSocialSDKResources.bundle/UMSocialPlatformTheme/default/umsocial_tumblr.png
copying file ./UMSocialSDKResources.bundle/UMSocialPlatformTheme/default/umsocial_kakaoTalk.png ... 
2018-12-13 15:39:20 +0000  1893 bytes for ./UMSocialSDKResources.bundle/UMSocialPlatformTheme/default/umsocial_kakaoTalk.png
2018-12-13 15:39:20 +0000  copying file ./UMSocialSDKResources.bundle/UMSocialPlatformTheme/default/umsocial_facebookmessenger.png ... 
2018-12-13 15:39:20 +0000  1749 bytes for ./UMSocialSDKResources.bundle/UMSocialPlatformTheme/default/umsocial_facebookmessenger.png
2018-12-13 15:39:20 +0000  copying file ./UMSocialSDKResources.bundle/UMSocialPlatformTheme/default/umsocial_qzone.png ... 
2018-12-13 15:39:20 +0000  2083 bytes for ./UMSocialSDKResources.bundle/UMSocialPlatformTheme/default/umsocial_qzone.png
2018-12-13 15:39:20 +0000  copying file ./UMSocialSDKResources.bundle/UMSocialPlatformTheme/default/umsocial_qq.png ... 
2018-12-13 15:39:20 +0000  3505 bytes for ./UMSocialSDKResources.bundle/UMSocialPlatformTheme/default/umsocial_qq.png
2018-12-13 15:39:20 +0000  copying file ./UMSocialSDKResources.bundle/UMSocialPlatformTheme/default/umsocial_instagram.png ... 
2018-12-13 15:39:20 +0000  1952 bytes for ./UMSocialSDKResources.bundle/UMSocialPlatformTheme/default/umsocial_instagram.png
2018-12-13 15:39:20 +0000  copying file ./SleepCell.nib ... 
2018-12-13 15:39:20 +0000  3685 bytes for ./SleepCell.nib
2018-12-13 15:39:20 +0000  copying file ./AppIcon60x60@2x.png ... 
2018-12-13 15:39:20 +0000  4410 bytes for ./AppIcon60x60@2x.png
2018-12-13 15:39:20 +0000  copying file ./IQKeyboardManager.bundle/IQButtonBarArrowRight@2x.png ... 
2018-12-13 15:39:20 +0000  1786 bytes for ./IQKeyboardManager.bundle/IQButtonBarArrowRight@2x.png
2018-12-13 15:39:20 +0000  copying file ./IQKeyboardManager.bundle/IQButtonBarArrowUp@3x.png ... 
2018-12-13 15:39:20 +0000  2164 bytes for ./IQKeyboardManager.bundle/IQButtonBarArrowUp@3x.png
copying file ./IQKeyboardManager.bundle/IQButtonBarArrowUp@2x.png ... 
2018-12-13 15:39:20 +0000  1769 bytes for ./IQKeyboardManager.bundle/IQButtonBarArrowUp@2x.png
copying file ./IQKeyboardManager.bundle/IQButtonBarArrowRight@3x.png ... 
2018-12-13 15:39:20 +0000  1844 bytes for ./IQKeyboardManager.bundle/IQButtonBarArrowRight@3x.png
2018-12-13 15:39:20 +0000  copying file ./IQKeyboardManager.bundle/IQButtonBarArrowLeft@3x.png ... 
2018-12-13 15:39:20 +0000  1815 bytes for ./IQKeyboardManager.bundle/IQButtonBarArrowLeft@3x.png
copying file ./IQKeyboardManager.bundle/IQButtonBarArrowDown@3x.png ... 
2018-12-13 15:39:20 +0000  2177 bytes for ./IQKeyboardManager.bundle/IQButtonBarArrowDown@3x.png
copying file ./IQKeyboardManager.bundle/IQButtonBarArrowDown@2x.png ... 
2018-12-13 15:39:20 +0000  1764 bytes for ./IQKeyboardManager.bundle/IQButtonBarArrowDown@2x.png
2018-12-13 15:39:20 +0000  copying file ./IQKeyboardManager.bundle/IQButtonBarArrowLeft@2x.png ... 
2018-12-13 15:39:20 +0000  1793 bytes for ./IQKeyboardManager.bundle/IQButtonBarArrowLeft@2x.png
2018-12-13 15:39:20 +0000  copying file ./SubCollectCell.nib ... 
2018-12-13 15:39:20 +0000  5057 bytes for ./SubCollectCell.nib
2018-12-13 15:39:20 +0000  copying file ./AppIcon29x29@2x.png ... 
2018-12-13 15:39:20 +0000  2435 bytes for ./AppIcon29x29@2x.png
2018-12-13 15:39:20 +0000  copying file ./SubscribeHeader.nib ... 
2018-12-13 15:39:20 +0000  3328 bytes for ./SubscribeHeader.nib
2018-12-13 15:39:20 +0000  copying file ./TencentOpenApi_IOS_Bundle.bundle/local.html ... 
2018-12-13 15:39:21 +0000  4556 bytes for ./TencentOpenApi_IOS_Bundle.bundle/local.html
2018-12-13 15:39:21 +0000  copying file ./TencentOpenApi_IOS_Bundle.bundle/qqicon.png ... 
2018-12-13 15:39:21 +0000  1855 bytes for ./TencentOpenApi_IOS_Bundle.bundle/qqicon.png
copying file ./TencentOpenApi_IOS_Bundle.bundle/error.png ... 
2018-12-13 15:39:21 +0000  1578 bytes for ./TencentOpenApi_IOS_Bundle.bundle/error.png
copying file ./TencentOpenApi_IOS_Bundle.bundle/success.png ... 
2018-12-13 15:39:21 +0000  1761 bytes for ./TencentOpenApi_IOS_Bundle.bundle/success.png
2018-12-13 15:39:21 +0000  copying file ./TencentOpenApi_IOS_Bundle.bundle/Info.plist ... 
2018-12-13 15:39:21 +0000  589 bytes for ./TencentOpenApi_IOS_Bundle.bundle/Info.plist
2018-12-13 15:39:21 +0000  copying file ./SubDownloadCell.nib ... 
2018-12-13 15:39:21 +0000  4737 bytes for ./SubDownloadCell.nib
2018-12-13 15:39:21 +0000  copying file ./CommentListCell.nib ... 
2018-12-13 15:39:21 +0000  5435 bytes for ./CommentListCell.nib
2018-12-13 15:39:21 +0000  copying file ./iShuYin ... 
2018-12-13 15:39:21 +0000  7947568 bytes for ./iShuYin
2018-12-13 15:39:21 +0000  copying file ./AppIcon40x40@3x.png ... 
4410 bytes for ./AppIcon40x40@3x.png
copying file ./changyan.bundle/face05.png ... 
2018-12-13 15:39:21 +0000  5394 bytes for ./changyan.bundle/face05.png
2018-12-13 15:39:21 +0000  copying file ./changyan.bundle/face11.png ... 
2018-12-13 15:39:21 +0000  4959 bytes for ./changyan.bundle/face11.png
copying file ./changyan.bundle/face10.png ... 
2018-12-13 15:39:21 +0000  5025 bytes for ./changyan.bundle/face10.png
copying file ./changyan.bundle/face04.png ... 
2018-12-13 15:39:21 +0000  6563 bytes for ./changyan.bundle/face04.png
2018-12-13 15:39:21 +0000  copying file ./changyan.bundle/face12.png ... 
2018-12-13 15:39:21 +0000  8249 bytes for ./changyan.bundle/face12.png
copying file ./changyan.bundle/face06.png ... 
2018-12-13 15:39:21 +0000  6629 bytes for ./changyan.bundle/face06.png
copying file ./changyan.bundle/face07.png ... 
2018-12-13 15:39:21 +0000  6441 bytes for ./changyan.bundle/face07.png
copying file ./changyan.bundle/face13.png ... 
2018-12-13 15:39:21 +0000  4704 bytes for ./changyan.bundle/face13.png
2018-12-13 15:39:21 +0000  copying file ./changyan.bundle/face17.png ... 
2018-12-13 15:39:21 +0000  5905 bytes for ./changyan.bundle/face17.png
2018-12-13 15:39:21 +0000  copying file ./changyan.bundle/face03.png ... 
2018-12-13 15:39:21 +0000  6546 bytes for ./changyan.bundle/face03.png
2018-12-13 15:39:21 +0000  copying file ./changyan.bundle/ico28.png ... 
2018-12-13 15:39:21 +0000  1868 bytes for ./changyan.bundle/ico28.png
copying file ./changyan.bundle/ico29.png ... 
2018-12-13 15:39:21 +0000  1047 bytes for ./changyan.bundle/ico29.png
copying file ./changyan.bundle/face02.png ... 
2018-12-13 15:39:21 +0000  5987 bytes for ./changyan.bundle/face02.png
copying file ./changyan.bundle/face16.png ... 
2018-12-13 15:39:21 +0000  6745 bytes for ./changyan.bundle/face16.png
copying file ./changyan.bundle/keyboard_ico1.png ... 
2018-12-13 15:39:21 +0000  3340 bytes for ./changyan.bundle/keyboard_ico1.png
2018-12-13 15:39:21 +0000  copying file ./changyan.bundle/face14.png ... 
2018-12-13 15:39:21 +0000  6079 bytes for ./changyan.bundle/face14.png
copying file ./changyan.bundle/ico03.png ... 
2018-12-13 15:39:21 +0000  3437 bytes for ./changyan.bundle/ico03.png
copying file ./changyan.bundle/face15.png ... 
2018-12-13 15:39:21 +0000  6057 bytes for ./changyan.bundle/face15.png
2018-12-13 15:39:21 +0000  copying file ./changyan.bundle/face01.png ... 
2018-12-13 15:39:21 +0000  5673 bytes for ./changyan.bundle/face01.png
copying file ./changyan.bundle/upload_ico.png ... 
2018-12-13 15:39:21 +0000  3692 bytes for ./changyan.bundle/upload_ico.png
copying file ./changyan.bundle/face_ico1.png ... 
2018-12-13 15:39:21 +0000  4549 bytes for ./changyan.bundle/face_ico1.png
2018-12-13 15:39:21 +0000  copying file ./changyan.bundle/mylogin.png ... 
2018-12-13 15:39:21 +0000  56034 bytes for ./changyan.bundle/mylogin.png
2018-12-13 15:39:21 +0000  copying file ./changyan.bundle/face_ico.png ... 
2018-12-13 15:39:21 +0000  4549 bytes for ./changyan.bundle/face_ico.png
2018-12-13 15:39:21 +0000  copying file ./changyan.bundle/list.png ... 
2018-12-13 15:39:21 +0000  3309 bytes for ./changyan.bundle/list.png
2018-12-13 15:39:21 +0000  copying file ./changyan.bundle/keyboard_ico.png ... 
2018-12-13 15:39:21 +0000  3354 bytes for ./changyan.bundle/keyboard_ico.png
2018-12-13 15:39:21 +0000  copying file ./changyan.bundle/upload_ico1.png ... 
2018-12-13 15:39:21 +0000  3691 bytes for ./changyan.bundle/upload_ico1.png
copying file ./changyan.bundle/ico40.png ... 
2018-12-13 15:39:21 +0000  3365 bytes for ./changyan.bundle/ico40.png
2018-12-13 15:39:21 +0000  copying file ./changyan.bundle/star0.png ... 
2018-12-13 15:39:21 +0000  745 bytes for ./changyan.bundle/star0.png
2018-12-13 15:39:21 +0000  copying file ./changyan.bundle/face24.png ... 
2018-12-13 15:39:21 +0000  5897 bytes for ./changyan.bundle/face24.png
2018-12-13 15:39:21 +0000  copying file ./changyan.bundle/face18.png ... 
2018-12-13 15:39:21 +0000  6129 bytes for ./changyan.bundle/face18.png
2018-12-13 15:39:21 +0000  copying file ./changyan.bundle/ico27.png ... 
2018-12-13 15:39:21 +0000  800 bytes for ./changyan.bundle/ico27.png
copying file ./changyan.bundle/ico26.png ... 
2018-12-13 15:39:21 +0000  3429 bytes for ./changyan.bundle/ico26.png
copying file ./changyan.bundle/face19.png ... 
2018-12-13 15:39:21 +0000  5342 bytes for ./changyan.bundle/face19.png
2018-12-13 15:39:21 +0000  copying file ./changyan.bundle/star1.png ... 
2018-12-13 15:39:21 +0000  1296 bytes for ./changyan.bundle/star1.png
copying file ./changyan.bundle/star3.png ... 
2018-12-13 15:39:21 +0000  1281 bytes for ./changyan.bundle/star3.png
copying file ./changyan.bundle/ico30.png ... 
2018-12-13 15:39:21 +0000  1881 bytes for ./changyan.bundle/ico30.png
copying file ./changyan.bundle/ico25.png ... 
2018-12-13 15:39:21 +0000  3503 bytes for ./changyan.bundle/ico25.png
copying file ./changyan.bundle/star2.png ... 
2018-12-13 15:39:21 +0000  1303 bytes for ./changyan.bundle/star2.png
2018-12-13 15:39:21 +0000  copying file ./changyan.bundle/face22.png ... 
2018-12-13 15:39:21 +0000  5012 bytes for ./changyan.bundle/face22.png
copying file ./changyan.bundle/ico21.png ... 
2018-12-13 15:39:21 +0000  440 bytes for ./changyan.bundle/ico21.png
copying file ./changyan.bundle/ico20.png ... 
2018-12-13 15:39:21 +0000  441 bytes for ./changyan.bundle/ico20.png
copying file ./changyan.bundle/face23.png ... 
2018-12-13 15:39:21 +0000  5595 bytes for ./changyan.bundle/face23.png
copying file ./changyan.bundle/star5.png ... 
2018-12-13 15:39:21 +0000  808 bytes for ./changyan.bundle/star5.png
2018-12-13 15:39:21 +0000  copying file ./changyan.bundle/face09.png ... 
2018-12-13 15:39:21 +0000  4966 bytes for ./changyan.bundle/face09.png
copying file ./changyan.bundle/face21.png ... 
2018-12-13 15:39:21 +0000  4941 bytes for ./changyan.bundle/face21.png
copying file ./changyan.bundle/ico22.png ... 
2018-12-13 15:39:21 +0000  830 bytes for ./changyan.bundle/ico22.png
2018-12-13 15:39:21 +0000  copying file ./changyan.bundle/face20.png ... 
2018-12-13 15:39:21 +0000  5329 bytes for ./changyan.bundle/face20.png
copying file ./changyan.bundle/face08.png ... 
2018-12-13 15:39:21 +0000  6274 bytes for ./changyan.bundle/face08.png
copying file ./changyan.bundle/star4.png ... 
2018-12-13 15:39:21 +0000  1244 bytes for ./changyan.bundle/star4.png
2018-12-13 15:39:21 +0000  copying file ./CategoryChildCell.nib ... 
2018-12-13 15:39:21 +0000  3290 bytes for ./CategoryChildCell.nib
copying file ./BookDetailOthersView.nib ... 
2018-12-13 15:39:21 +0000  4091 bytes for ./BookDetailOthersView.nib
copying file ./AppIcon40x40@2x.png ... 
2018-12-13 15:39:21 +0000  3166 bytes for ./AppIcon40x40@2x.png
copying file ./BookDownloadBottomView.nib ... 
2018-12-13 15:39:21 +0000  4069 bytes for ./BookDownloadBottomView.nib
copying file ./BookDownloadCell.nib ... 
2018-12-13 15:39:21 +0000  2660 bytes for ./BookDownloadCell.nib
2018-12-13 15:39:21 +0000  copying file ./UMSocialSDKPromptResources.bundle/zh-Hans.lproj/UMSocialPromptLocalizable.strings ... 
2018-12-13 15:39:21 +0000  8304 bytes for ./UMSocialSDKPromptResources.bundle/zh-Hans.lproj/UMSocialPromptLocalizable.strings
2018-12-13 15:39:21 +0000  copying file ./UMSocialSDKPromptResources.bundle/en.lproj/UMSocialPromptLocalizable.strings ... 
2018-12-13 15:39:21 +0000  8304 bytes for ./UMSocialSDKPromptResources.bundle/en.lproj/UMSocialPromptLocalizable.strings
2018-12-13 15:39:21 +0000  copying file ./SleepView.nib/objects-11.0+.nib ... 
2018-12-13 15:39:21 +0000  3512 bytes for ./SleepView.nib/objects-11.0+.nib
copying file ./SleepView.nib/runtime.nib ... 
2018-12-13 15:39:21 +0000  3640 bytes for ./SleepView.nib/runtime.nib
2018-12-13 15:39:21 +0000  copying file ./AppIcon29x29@3x.png ... 
2018-12-13 15:39:21 +0000  3441 bytes for ./AppIcon29x29@3x.png
2018-12-13 15:39:21 +0000  copying file ./BookDetailDescOneView.nib ... 
2018-12-13 15:39:21 +0000  4476 bytes for ./BookDetailDescOneView.nib
copying file ./MineCell.nib ... 
2018-12-13 15:39:21 +0000  3371 bytes for ./MineCell.nib
copying file ./AppIcon60x60@3x.png ... 
2018-12-13 15:39:21 +0000  4919 bytes for ./AppIcon60x60@3x.png
2018-12-13 15:39:21 +0000  copying file ./FeedbackCell.nib ... 
2018-12-13 15:39:21 +0000  3134 bytes for ./FeedbackCell.nib
2018-12-13 15:39:21 +0000  copying file ./Base.lproj/Main.storyboardc/YOd-3Y-qI9-view-RMs-fw-1Kp.nib ... 
2018-12-13 15:39:21 +0000  7302 bytes for ./Base.lproj/Main.storyboardc/YOd-3Y-qI9-view-RMs-fw-1Kp.nib
copying file ./Base.lproj/Main.storyboardc/bqV-Eb-SLc-view-2O2-gZ-rkv.nib ... 
2018-12-13 15:39:21 +0000  10864 bytes for ./Base.lproj/Main.storyboardc/bqV-Eb-SLc-view-2O2-gZ-rkv.nib
copying file ./Base.lproj/Main.storyboardc/FeedbackAddVC.nib ... 
2018-12-13 15:39:21 +0000  1141 bytes for ./Base.lproj/Main.storyboardc/FeedbackAddVC.nib
copying file ./Base.lproj/Main.storyboardc/RegisterVC.nib ... 
2018-12-13 15:39:21 +0000  1123 bytes for ./Base.lproj/Main.storyboardc/RegisterVC.nib
copying file ./Base.lproj/Main.storyboardc/7Q8-oc-qfT-view-fMc-4B-bn5.nib ... 
2018-12-13 15:39:21 +0000  6002 bytes for ./Base.lproj/Main.storyboardc/7Q8-oc-qfT-view-fMc-4B-bn5.nib
copying file ./Base.lproj/Main.storyboardc/xfj-JB-t9N-view-Kn3-H3-Lrd.nib ... 
2018-12-13 15:39:21 +0000  11803 bytes for ./Base.lproj/Main.storyboardc/xfj-JB-t9N-view-Kn3-H3-Lrd.nib
2018-12-13 15:39:21 +0000  copying file ./Base.lproj/Main.storyboardc/FindPswdVC.nib ... 
2018-12-13 15:39:21 +0000  1135 bytes for ./Base.lproj/Main.storyboardc/FindPswdVC.nib
copying file ./Base.lproj/Main.storyboardc/iQF-YQ-qeT-view-VRu-7P-PBg.nib ... 
2018-12-13 15:39:21 +0000  11984 bytes for ./Base.lproj/Main.storyboardc/iQF-YQ-qeT-view-VRu-7P-PBg.nib
copying file ./Base.lproj/Main.storyboardc/ModifyPswdVC.nib ... 
2018-12-13 15:39:21 +0000  1139 bytes for ./Base.lproj/Main.storyboardc/ModifyPswdVC.nib
2018-12-13 15:39:21 +0000  copying file ./Base.lproj/Main.storyboardc/PlayVC.nib ... 
2018-12-13 15:39:21 +0000  1115 bytes for ./Base.lproj/Main.storyboardc/PlayVC.nib
copying file ./Base.lproj/Main.storyboardc/2yj-ci-mZQ-view-HCB-eu-o0g.nib ... 
2018-12-13 15:39:21 +0000  6174 bytes for ./Base.lproj/Main.storyboardc/2yj-ci-mZQ-view-HCB-eu-o0g.nib
copying file ./Base.lproj/Main.storyboardc/Info.plist ... 
2018-12-13 15:39:21 +0000  267 bytes for ./Base.lproj/Main.storyboardc/Info.plist
2018-12-13 15:39:21 +0000  copying file ./Base.lproj/Main.storyboardc/LoginVC.nib ... 
2018-12-13 15:39:21 +0000  1117 bytes for ./Base.lproj/Main.storyboardc/LoginVC.nib
2018-12-13 15:39:21 +0000  copying file ./Base.lproj/LaunchScreen.storyboardc/01J-lp-oVM-view-Ze5-6b-2t3.nib ... 
2018-12-13 15:39:21 +0000  2263 bytes for ./Base.lproj/LaunchScreen.storyboardc/01J-lp-oVM-view-Ze5-6b-2t3.nib
2018-12-13 15:39:21 +0000  copying file ./Base.lproj/LaunchScreen.storyboardc/UIViewController-01J-lp-oVM.nib ... 
2018-12-13 15:39:21 +0000  832 bytes for ./Base.lproj/LaunchScreen.storyboardc/UIViewController-01J-lp-oVM.nib
2018-12-13 15:39:21 +0000  copying file ./Base.lproj/LaunchScreen.storyboardc/Info.plist ... 
2018-12-13 15:39:21 +0000  258 bytes for ./Base.lproj/LaunchScreen.storyboardc/Info.plist
2018-12-13 15:39:21 +0000  copying file ./FeedbackUserCell.nib ... 
2018-12-13 15:39:21 +0000  4664 bytes for ./FeedbackUserCell.nib
2018-12-13 15:39:21 +0000  copying file ./UpdateForceView.nib ... 
2018-12-13 15:39:21 +0000  5035 bytes for ./UpdateForceView.nib
copying file ./CategoryCell.nib ... 
2018-12-13 15:39:21 +0000  2664 bytes for ./CategoryCell.nib
copying file ./BookChapterCell.nib ... 
2018-12-13 15:39:21 +0000  4372 bytes for ./BookChapterCell.nib
2018-12-13 15:39:21 +0000  copying file ./SubRecentCell.nib ... 
2018-12-13 15:39:21 +0000  3689 bytes for ./SubRecentCell.nib
2018-12-13 15:39:21 +0000  copying file ./Assets.car ... 
2018-12-13 15:39:21 +0000  4084264 bytes for ./Assets.car
copying file ./BookChapterCountCell.nib ... 
2018-12-13 15:39:21 +0000  3038 bytes for ./BookChapterCountCell.nib
copying file ./CategoryChildHeader.nib ... 
2920 bytes for ./CategoryChildHeader.nib
copying file ./HomeListCell.nib ... 
2018-12-13 15:39:21 +0000  4291 bytes for ./HomeListCell.nib
2018-12-13 15:39:21 +0000  copying file ./BookDetailDescTwoView.nib ... 
2018-12-13 15:39:21 +0000  5956 bytes for ./BookDetailDescTwoView.nib
copying file ./GuideCell.nib ... 
2018-12-13 15:39:21 +0000  2312 bytes for ./GuideCell.nib
2018-12-13 15:39:21 +0000  copying file ./MineFooter.nib ... 
2018-12-13 15:39:21 +0000  2648 bytes for ./MineFooter.nib
2018-12-13 15:39:21 +0000  copying file ./FeedbackTypeView.nib ... 
2018-12-13 15:39:21 +0000  3903 bytes for ./FeedbackTypeView.nib
2018-12-13 15:39:21 +0000  copying file ./HomeCenterCell.nib ... 
2018-12-13 15:39:21 +0000  3872 bytes for ./HomeCenterCell.nib
2018-12-13 15:39:21 +0000  copying file ./HomeLeftCell.nib ... 
2018-12-13 15:39:21 +0000  3883 bytes for ./HomeLeftCell.nib
2018-12-13 15:39:21 +0000  copying file ./BookPlayControlView.nib ... 
2018-12-13 15:39:21 +0000  2738 bytes for ./BookPlayControlView.nib
2018-12-13 15:39:21 +0000  copying file ./embedded.mobileprovision ... 
2018-12-13 15:39:21 +0000  9948 bytes for ./embedded.mobileprovision
2018-12-13 15:39:21 +0000  copying file ./SVProgressHUD.bundle/info.png ... 
2018-12-13 15:39:21 +0000  365 bytes for ./SVProgressHUD.bundle/info.png
copying file ./SVProgressHUD.bundle/error@3x.png ... 
2018-12-13 15:39:21 +0000  398 bytes for ./SVProgressHUD.bundle/error@3x.png
copying file ./SVProgressHUD.bundle/angle-mask@3x.png ... 
2018-12-13 15:39:21 +0000  8319 bytes for ./SVProgressHUD.bundle/angle-mask@3x.png
copying file ./SVProgressHUD.bundle/angle-mask@2x.png ... 
2018-12-13 15:39:21 +0000  4893 bytes for ./SVProgressHUD.bundle/angle-mask@2x.png
copying file ./SVProgressHUD.bundle/error@2x.png ... 
2018-12-13 15:39:21 +0000  306 bytes for ./SVProgressHUD.bundle/error@2x.png
copying file ./SVProgressHUD.bundle/info@3x.png ... 
2018-12-13 15:39:21 +0000  1200 bytes for ./SVProgressHUD.bundle/info@3x.png
copying file ./SVProgressHUD.bundle/success@2x.png ... 
2018-12-13 15:39:21 +0000  462 bytes for ./SVProgressHUD.bundle/success@2x.png
2018-12-13 15:39:21 +0000  copying file ./SVProgressHUD.bundle/success@3x.png ... 
2018-12-13 15:39:21 +0000  714 bytes for ./SVProgressHUD.bundle/success@3x.png
copying file ./SVProgressHUD.bundle/info@2x.png ... 
2018-12-13 15:39:21 +0000  816 bytes for ./SVProgressHUD.bundle/info@2x.png
copying file ./SVProgressHUD.bundle/error.png ... 
2018-12-13 15:39:21 +0000  184 bytes for ./SVProgressHUD.bundle/error.png
2018-12-13 15:39:21 +0000  copying file ./SVProgressHUD.bundle/success.png ... 
2018-12-13 15:39:21 +0000  262 bytes for ./SVProgressHUD.bundle/success.png
2018-12-13 15:39:21 +0000  copying file ./SVProgressHUD.bundle/angle-mask.png ... 
2018-12-13 15:39:21 +0000  1845 bytes for ./SVProgressHUD.bundle/angle-mask.png
2018-12-13 15:39:21 +0000  copying file ./CommentListHeader.nib ... 
2018-12-13 15:39:21 +0000  2516 bytes for ./CommentListHeader.nib
2018-12-13 15:39:21 +0000  copying file ./Info.plist ... 
2018-12-13 15:39:21 +0000  2917 bytes for ./Info.plist
copying file ./FeedbackAdminCell.nib ... 
2018-12-13 15:39:21 +0000  4647 bytes for ./FeedbackAdminCell.nib
copying file ./PkgInfo ... 
2018-12-13 15:39:21 +0000  8 bytes for ./PkgInfo
copying file ./MineHeader.nib ... 
2018-12-13 15:39:21 +0000  8858 bytes for ./MineHeader.nib
copying file ./ZXEmptyView.nib ... 
2018-12-13 15:39:21 +0000  2682 bytes for ./ZXEmptyView.nib
2018-12-13 15:39:21 +0000  /usr/bin/ditto exited with 0
2018-12-13 15:39:21 +0000  Processing step: IDEDistributionEmbedProfileStep
2018-12-13 15:39:21 +0000  Processing step: IDEDistributionAppThinningPlistStep
2018-12-13 15:39:21 +0000  Skipping step: IDEDistributionAppThinningPlistStep because it said so
2018-12-13 15:39:21 +0000  Processing step: IDEDistributionCompileBitcodeStep
2018-12-13 15:39:21 +0000  Skipping step: IDEDistributionCompileBitcodeStep because it said so
2018-12-13 15:39:21 +0000  Processing step: IDEDistributionCodeSlimmingStep
2018-12-13 15:39:21 +0000  Processing step: IDEDistributionCopyBCSymbolMapsStep
2018-12-13 15:39:21 +0000  Skipping step: IDEDistributionCopyBCSymbolMapsStep because it said so
2018-12-13 15:39:21 +0000  Processing step: IDEDistributionSymbolsStep
2018-12-13 15:39:21 +0000  Skipping step: IDEDistributionSymbolsStep because it said so
2018-12-13 15:39:21 +0000  Processing step: IDEDistributionAppThinningStep
2018-12-13 15:39:21 +0000  Skipping step: IDEDistributionAppThinningStep because it said so
2018-12-13 15:39:21 +0000  Processing step: IDEDistributionODRStep
2018-12-13 15:39:21 +0000  Processing step: IDEDistributionStripXattrsStep
2018-12-13 15:39:21 +0000  Running /usr/bin/xattr '-crs' '/var/folders/lw/v7vw1ln97fb59t_9f8pytdb00000gn/T/XcodeDistPipeline.gzq/Root/Payload/iShuYin.app'
2018-12-13 15:39:21 +0000  /usr/bin/xattr exited with 0
2018-12-13 15:39:21 +0000  Processing step: IDEDistributionCodesignStep
2018-12-13 15:39:21 +0000  Entitlements for <IDEDistributionItem: 0x7fa8838e4a90 'com.ishuyin.iShuYin' '<DVTFilePath:0x7fa88277a460:'/Users/Lee/Library/Developer/Xcode/Archives/2018-12-13/iShuYin 2018-12-13 下午11.38.xcarchive/Products/Applications/iShuYin.app'>'>: {
    "application-identifier" = "774S7CUTG6.com.ishuyin.iShuYin";
    "com.apple.developer.team-identifier" = 774S7CUTG6;
    "get-task-allow" = 1;
    "keychain-access-groups" =     (
        "774S7CUTG6.com.ishuyin.iShuYin"
    );
}
2018-12-13 15:39:21 +0000  Writing entitlements for <IDEDistributionItem: 0x7fa8838e4a90 'com.ishuyin.iShuYin' '<DVTFilePath:0x7fa88277a460:'/Users/Lee/Library/Developer/Xcode/Archives/2018-12-13/iShuYin 2018-12-13 下午11.38.xcarchive/Products/Applications/iShuYin.app'>'> to: /var/folders/lw/v7vw1ln97fb59t_9f8pytdb00000gn/T/XcodeDistPipeline.gzq/entitlements2XQJcv
2018-12-13 15:39:21 +0000  Running /usr/bin/codesign '-vvv' '--force' '--sign' '901103920CC5A90EA655DA753EBFF8F7C5268C0E' '--entitlements' '/var/folders/lw/v7vw1ln97fb59t_9f8pytdb00000gn/T/XcodeDistPipeline.gzq/entitlements2XQJcv' '--preserve-metadata=identifier,flags,runtime' '/var/folders/lw/v7vw1ln97fb59t_9f8pytdb00000gn/T/XcodeDistPipeline.gzq/Root/Payload/iShuYin.app'
2018-12-13 15:39:21 +0000  /var/folders/lw/v7vw1ln97fb59t_9f8pytdb00000gn/T/XcodeDistPipeline.gzq/Root/Payload/iShuYin.app: replacing existing signature
2018-12-13 15:39:21 +0000  /var/folders/lw/v7vw1ln97fb59t_9f8pytdb00000gn/T/XcodeDistPipeline.gzq/Root/Payload/iShuYin.app: signed app bundle with Mach-O universal (armv7 arm64) [com.ishuyin.iShuYin]
2018-12-13 15:39:21 +0000  /usr/bin/codesign exited with 0
2018-12-13 15:39:21 +0000  Processing step: IDEDistributionZipODRItemStep
2018-12-13 15:39:21 +0000  Skipping step: IDEDistributionZipODRItemStep because it said so
2018-12-13 15:39:21 +0000  Processing step: IDEDistributionCreateIPAStep
2018-12-13 15:39:21 +0000  Running /usr/bin/ditto '-V' '-c' '-k' '--norsrc' '/var/folders/lw/v7vw1ln97fb59t_9f8pytdb00000gn/T/XcodeDistPipeline.gzq/Root' '/var/folders/lw/v7vw1ln97fb59t_9f8pytdb00000gn/T/XcodeDistPipeline.gzq/Packages/iShuYin.ipa'
2018-12-13 15:39:21 +0000  >>> Copying /var/folders/lw/v7vw1ln97fb59t_9f8pytdb00000gn/T/XcodeDistPipeline.gzq/Root 
2018-12-13 15:39:21 +0000  copying file ./Payload/iShuYin.app/_CodeSignature/CodeResources ... 
2018-12-13 15:39:21 +0000  69376 bytes for ./Payload/iShuYin.app/_CodeSignature/CodeResources
2018-12-13 15:39:21 +0000  copying file ./Payload/iShuYin.app/SharePlatformView.nib ... 
2018-12-13 15:39:21 +0000  7731 bytes for ./Payload/iShuYin.app/SharePlatformView.nib
2018-12-13 15:39:21 +0000  copying file ./Payload/iShuYin.app/zh-Hans.lproj/LaunchScreen.strings ... 
1 bytes for ./Payload/iShuYin.app/zh-Hans.lproj/LaunchScreen.strings
copying file ./Payload/iShuYin.app/zh-Hans.lproj/Main.strings ... 
2018-12-13 15:39:21 +0000  4734 bytes for ./Payload/iShuYin.app/zh-Hans.lproj/Main.strings
2018-12-13 15:39:21 +0000  copying file ./Payload/iShuYin.app/AppIcon20x20@2x.png ... 
2018-12-13 15:39:21 +0000  1999 bytes for ./Payload/iShuYin.app/AppIcon20x20@2x.png
copying file ./Payload/iShuYin.app/ISYNOSubscribeView.nib ... 
2018-12-13 15:39:21 +0000  4197 bytes for ./Payload/iShuYin.app/ISYNOSubscribeView.nib
copying file ./Payload/iShuYin.app/BookPlayButtonView.nib ... 
2018-12-13 15:39:21 +0000  7559 bytes for ./Payload/iShuYin.app/BookPlayButtonView.nib
copying file ./Payload/iShuYin.app/AppIcon20x20@3x.png ... 
2018-12-13 15:39:21 +0000  2438 bytes for ./Payload/iShuYin.app/AppIcon20x20@3x.png
copying file ./Payload/iShuYin.app/SettingCell.nib ... 
2018-12-13 15:39:21 +0000  3469 bytes for ./Payload/iShuYin.app/SettingCell.nib
copying file ./Payload/iShuYin.app/UpdateRemindView.nib ... 
2018-12-13 15:39:21 +0000  5541 bytes for ./Payload/iShuYin.app/UpdateRemindView.nib
2018-12-13 15:39:21 +0000  copying file ./Payload/iShuYin.app/MJRefresh.bundle/zh-Hans.lproj/Localizable.strings ... 
2018-12-13 15:39:21 +0000  1194 bytes for ./Payload/iShuYin.app/MJRefresh.bundle/zh-Hans.lproj/Localizable.strings
2018-12-13 15:39:21 +0000  copying file ./Payload/iShuYin.app/MJRefresh.bundle/en.lproj/Localizable.strings ... 
1372 bytes for ./Payload/iShuYin.app/MJRefresh.bundle/en.lproj/Localizable.strings
2018-12-13 15:39:21 +0000  copying file ./Payload/iShuYin.app/MJRefresh.bundle/arrow@2x.png ... 
2018-12-13 15:39:21 +0000  1033 bytes for ./Payload/iShuYin.app/MJRefresh.bundle/arrow@2x.png
copying file ./Payload/iShuYin.app/MJRefresh.bundle/zh-Hant.lproj/Localizable.strings ... 
2018-12-13 15:39:21 +0000  773 bytes for ./Payload/iShuYin.app/MJRefresh.bundle/zh-Hant.lproj/Localizable.strings
copying file ./Payload/iShuYin.app/RecentPlayCell.nib ... 
2018-12-13 15:39:21 +0000  4299 bytes for ./Payload/iShuYin.app/RecentPlayCell.nib
2018-12-13 15:39:21 +0000  copying file ./Payload/iShuYin.app/UMSocialSDKResources.bundle/UMSocialWaterMark/umsocial_defaultwatermark.png ... 
2018-12-13 15:39:21 +0000  3003 bytes for ./Payload/iShuYin.app/UMSocialSDKResources.bundle/UMSocialWaterMark/umsocial_defaultwatermark.png
2018-12-13 15:39:21 +0000  copying file ./Payload/iShuYin.app/UMSocialSDKResources.bundle/zh-Hans.lproj/UMSocialLocalizable.strings ... 
2018-12-13 15:39:21 +0000  6685 bytes for ./Payload/iShuYin.app/UMSocialSDKResources.bundle/zh-Hans.lproj/UMSocialLocalizable.strings
2018-12-13 15:39:21 +0000  copying file ./Payload/iShuYin.app/UMSocialSDKResources.bundle/en.lproj/UMSocialLocalizable.strings ... 
2018-12-13 15:39:21 +0000  6503 bytes for ./Payload/iShuYin.app/UMSocialSDKResources.bundle/en.lproj/UMSocialLocalizable.strings
2018-12-13 15:39:21 +0000  copying file ./Payload/iShuYin.app/UMSocialSDKResources.bundle/Buttons/UMS_nav_button_close@2x.png ... 
2018-12-13 15:39:21 +0000  500 bytes for ./Payload/iShuYin.app/UMSocialSDKResources.bundle/Buttons/UMS_nav_button_close@2x.png
copying file ./Payload/iShuYin.app/UMSocialSDKResources.bundle/Buttons/UMS_url_image@2x.png ... 
2018-12-13 15:39:21 +0000  1562 bytes for ./Payload/iShuYin.app/UMSocialSDKResources.bundle/Buttons/UMS_url_image@2x.png
copying file ./Payload/iShuYin.app/UMSocialSDKResources.bundle/Buttons/UMS_url_music@2x.png ... 
2018-12-13 15:39:21 +0000  1771 bytes for ./Payload/iShuYin.app/UMSocialSDKResources.bundle/Buttons/UMS_url_music@2x.png
copying file ./Payload/iShuYin.app/UMSocialSDKResources.bundle/Buttons/UMS_add_friend_off@2x.png ... 
2018-12-13 15:39:21 +0000  134 bytes for ./Payload/iShuYin.app/UMSocialSDKResources.bundle/Buttons/UMS_add_friend_off@2x.png
copying file ./Payload/iShuYin.app/UMSocialSDKResources.bundle/Buttons/UMS_delete_image_button_normal@2x.png ... 
2018-12-13 15:39:21 +0000  891 bytes for ./Payload/iShuYin.app/UMSocialSDKResources.bundle/Buttons/UMS_delete_image_button_normal@2x.png
copying file ./Payload/iShuYin.app/UMSocialSDKResources.bundle/Buttons/UMS_nav_button_send@2x.png ... 
2018-12-13 15:39:21 +0000  1624 bytes for ./Payload/iShuYin.app/UMSocialSDKResources.bundle/Buttons/UMS_nav_button_send@2x.png
copying file ./Payload/iShuYin.app/UMSocialSDKResources.bundle/Buttons/UMS_url_video@2x.png ... 
2018-12-13 15:39:21 +0000  2062 bytes for ./Payload/iShuYin.app/UMSocialSDKResources.bundle/Buttons/UMS_url_video@2x.png
2018-12-13 15:39:21 +0000  copying file ./Payload/iShuYin.app/UMSocialSDKResources.bundle/UMSocialPlatformTheme/default/umsocial_renren.png ... 
2018-12-13 15:39:21 +0000  1529 bytes for ./Payload/iShuYin.app/UMSocialSDKResources.bundle/UMSocialPlatformTheme/default/umsocial_renren.png
2018-12-13 15:39:21 +0000  copying file ./Payload/iShuYin.app/UMSocialSDKResources.bundle/UMSocialPlatformTheme/default/umsocial_default.png ... 
2018-12-13 15:39:21 +0000  4203 bytes for ./Payload/iShuYin.app/UMSocialSDKResources.bundle/UMSocialPlatformTheme/default/umsocial_default.png
copying file ./Payload/iShuYin.app/UMSocialSDKResources.bundle/UMSocialPlatformTheme/default/umsocial_pinterest.png ... 
2018-12-13 15:39:21 +0000  1987 bytes for ./Payload/iShuYin.app/UMSocialSDKResources.bundle/UMSocialPlatformTheme/default/umsocial_pinterest.png
copying file ./Payload/iShuYin.app/UMSocialSDKResources.bundle/UMSocialPlatformTheme/default/umsocial_alipay.png ... 
2018-12-13 15:39:21 +0000  1370 bytes for ./Payload/iShuYin.app/UMSocialSDKResources.bundle/UMSocialPlatformTheme/default/umsocial_alipay.png
copying file ./Payload/iShuYin.app/UMSocialSDKResources.bundle/UMSocialPlatformTheme/default/umsocial_yixin_session.png ... 
2018-12-13 15:39:21 +0000  1833 bytes for ./Payload/iShuYin.app/UMSocialSDKResources.bundle/UMSocialPlatformTheme/default/umsocial_yixin_session.png
copying file ./Payload/iShuYin.app/UMSocialSDKResources.bundle/UMSocialPlatformTheme/default/umsocial_vkontakte.png ... 
2018-12-13 15:39:21 +0000  1867 bytes for ./Payload/iShuYin.app/UMSocialSDKResources.bundle/UMSocialPlatformTheme/default/umsocial_vkontakte.png
2018-12-13 15:39:21 +0000  copying file ./Payload/iShuYin.app/UMSocialSDKResources.bundle/UMSocialPlatformTheme/default/umsocial_tim.png ... 
2018-12-13 15:39:21 +0000  2597 bytes for ./Payload/iShuYin.app/UMSocialSDKResources.bundle/UMSocialPlatformTheme/default/umsocial_tim.png
2018-12-13 15:39:21 +0000  copying file ./Payload/iShuYin.app/UMSocialSDKResources.bundle/UMSocialPlatformTheme/default/umsocial_lw_session.png ... 
2018-12-13 15:39:21 +0000  2391 bytes for ./Payload/iShuYin.app/UMSocialSDKResources.bundle/UMSocialPlatformTheme/default/umsocial_lw_session.png
copying file ./Payload/iShuYin.app/UMSocialSDKResources.bundle/UMSocialPlatformTheme/default/umsocial_linkedin.png ... 
2018-12-13 15:39:21 +0000  1637 bytes for ./Payload/iShuYin.app/UMSocialSDKResources.bundle/UMSocialPlatformTheme/default/umsocial_linkedin.png
copying file ./Payload/iShuYin.app/UMSocialSDKResources.bundle/UMSocialPlatformTheme/default/umsocial_yixin_favorite.png ... 
2018-12-13 15:39:21 +0000  4145 bytes for ./Payload/iShuYin.app/UMSocialSDKResources.bundle/UMSocialPlatformTheme/default/umsocial_yixin_favorite.png
copying file ./Payload/iShuYin.app/UMSocialSDKResources.bundle/UMSocialPlatformTheme/default/umsocial_youdaonote.png ... 
2018-12-13 15:39:21 +0000  1158 bytes for ./Payload/iShuYin.app/UMSocialSDKResources.bundle/UMSocialPlatformTheme/default/umsocial_youdaonote.png
copying file ./Payload/iShuYin.app/UMSocialSDKResources.bundle/UMSocialPlatformTheme/default/umsocial_flickr.png ... 
2018-12-13 15:39:21 +0000  979 bytes for ./Payload/iShuYin.app/UMSocialSDKResources.bundle/UMSocialPlatformTheme/default/umsocial_flickr.png
copying file ./Payload/iShuYin.app/UMSocialSDKResources.bundle/UMSocialPlatformTheme/default/umsocial_line.png ... 
2018-12-13 15:39:21 +0000  1720 bytes for ./Payload/iShuYin.app/UMSocialSDKResources.bundle/UMSocialPlatformTheme/default/umsocial_line.png
2018-12-13 15:39:21 +0000  copying file ./Payload/iShuYin.app/UMSocialSDKResources.bundle/UMSocialPlatformTheme/default/umsocial_email.png ... 
2018-12-13 15:39:21 +0000  1211 bytes for ./Payload/iShuYin.app/UMSocialSDKResources.bundle/UMSocialPlatformTheme/default/umsocial_email.png
copying file ./Payload/iShuYin.app/UMSocialSDKResources.bundle/UMSocialPlatformTheme/default/umsocial_sms.png ... 
1127 bytes for ./Payload/iShuYin.app/UMSocialSDKResources.bundle/UMSocialPlatformTheme/default/umsocial_sms.png
copying file ./Payload/iShuYin.app/UMSocialSDKResources.bundle/UMSocialPlatformTheme/default/umsocial_evernote.png ... 
2018-12-13 15:39:21 +0000  1267 bytes for ./Payload/iShuYin.app/UMSocialSDKResources.bundle/UMSocialPlatformTheme/default/umsocial_evernote.png
2018-12-13 15:39:21 +0000  copying file ./Payload/iShuYin.app/UMSocialSDKResources.bundle/UMSocialPlatformTheme/default/umsocial_twitter.png ... 
2018-12-13 15:39:21 +0000  1442 bytes for ./Payload/iShuYin.app/UMSocialSDKResources.bundle/UMSocialPlatformTheme/default/umsocial_twitter.png
copying file ./Payload/iShuYin.app/UMSocialSDKResources.bundle/UMSocialPlatformTheme/default/umsocial_whatsapp.png ... 
2018-12-13 15:39:21 +0000  1832 bytes for ./Payload/iShuYin.app/UMSocialSDKResources.bundle/UMSocialPlatformTheme/default/umsocial_whatsapp.png
2018-12-13 15:39:21 +0000  copying file ./Payload/iShuYin.app/UMSocialSDKResources.bundle/UMSocialPlatformTheme/default/umsocial_googleplus.png ... 
2018-12-13 15:39:21 +0000  2320 bytes for ./Payload/iShuYin.app/UMSocialSDKResources.bundle/UMSocialPlatformTheme/default/umsocial_googleplus.png
2018-12-13 15:39:21 +0000  copying file ./Payload/iShuYin.app/UMSocialSDKResources.bundle/UMSocialPlatformTheme/default/umsocial_douban.png ... 
813 bytes for ./Payload/iShuYin.app/UMSocialSDKResources.bundle/UMSocialPlatformTheme/default/umsocial_douban.png
copying file ./Payload/iShuYin.app/UMSocialSDKResources.bundle/UMSocialPlatformTheme/default/umsocial_lw_timeline.png ... 
2018-12-13 15:39:21 +0000  1139 bytes for ./Payload/iShuYin.app/UMSocialSDKResources.bundle/UMSocialPlatformTheme/default/umsocial_lw_timeline.png
copying file ./Payload/iShuYin.app/UMSocialSDKResources.bundle/UMSocialPlatformTheme/default/umsocial_facebook.png ... 
2018-12-13 15:39:21 +0000  1468 bytes for ./Payload/iShuYin.app/UMSocialSDKResources.bundle/UMSocialPlatformTheme/default/umsocial_facebook.png
copying file ./Payload/iShuYin.app/UMSocialSDKResources.bundle/UMSocialPlatformTheme/default/umsocial_dingding.png ... 
2018-12-13 15:39:21 +0000  1390 bytes for ./Payload/iShuYin.app/UMSocialSDKResources.bundle/UMSocialPlatformTheme/default/umsocial_dingding.png
2018-12-13 15:39:21 +0000  copying file ./Payload/iShuYin.app/UMSocialSDKResources.bundle/UMSocialPlatformTheme/default/umsocial_wechat.png ... 
2018-12-13 15:39:21 +0000  1628 bytes for ./Payload/iShuYin.app/UMSocialSDKResources.bundle/UMSocialPlatformTheme/default/umsocial_wechat.png
copying file ./Payload/iShuYin.app/UMSocialSDKResources.bundle/UMSocialPlatformTheme/default/umsocial_yixin_timeline.png ... 
2018-12-13 15:39:21 +0000  2199 bytes for ./Payload/iShuYin.app/UMSocialSDKResources.bundle/UMSocialPlatformTheme/default/umsocial_yixin_timeline.png
copying file ./Payload/iShuYin.app/UMSocialSDKResources.bundle/UMSocialPlatformTheme/default/umsocial_dropbox.png ... 
2018-12-13 15:39:21 +0000  1692 bytes for ./Payload/iShuYin.app/UMSocialSDKResources.bundle/UMSocialPlatformTheme/default/umsocial_dropbox.png
copying file ./Payload/iShuYin.app/UMSocialSDKResources.bundle/UMSocialPlatformTheme/default/umsocial_pocket.png ... 
2018-12-13 15:39:21 +0000  1405 bytes for ./Payload/iShuYin.app/UMSocialSDKResources.bundle/UMSocialPlatformTheme/default/umsocial_pocket.png
copying file ./Payload/iShuYin.app/UMSocialSDKResources.bundle/UMSocialPlatformTheme/default/umsocial_wechat_timeline.png ... 
2018-12-13 15:39:21 +0000  1506 bytes for ./Payload/iShuYin.app/UMSocialSDKResources.bundle/UMSocialPlatformTheme/default/umsocial_wechat_timeline.png
copying file ./Payload/iShuYin.app/UMSocialSDKResources.bundle/UMSocialPlatformTheme/default/umsocial_tencentWB.png ... 
2018-12-13 15:39:21 +0000  1943 bytes for ./Payload/iShuYin.app/UMSocialSDKResources.bundle/UMSocialPlatformTheme/default/umsocial_tencentWB.png
2018-12-13 15:39:21 +0000  copying file ./Payload/iShuYin.app/UMSocialSDKResources.bundle/UMSocialPlatformTheme/default/umsocial_wechat_favorite.png ... 
1179 bytes for ./Payload/iShuYin.app/UMSocialSDKResources.bundle/UMSocialPlatformTheme/default/umsocial_wechat_favorite.png
copying file ./Payload/iShuYin.app/UMSocialSDKResources.bundle/UMSocialPlatformTheme/default/umsocial_sina.png ... 
2018-12-13 15:39:21 +0000  2581 bytes for ./Payload/iShuYin.app/UMSocialSDKResources.bundle/UMSocialPlatformTheme/default/umsocial_sina.png
copying file ./Payload/iShuYin.app/UMSocialSDKResources.bundle/UMSocialPlatformTheme/default/umsocial_tumblr.png ... 
2018-12-13 15:39:21 +0000  1564 bytes for ./Payload/iShuYin.app/UMSocialSDKResources.bundle/UMSocialPlatformTheme/default/umsocial_tumblr.png
copying file ./Payload/iShuYin.app/UMSocialSDKResources.bundle/UMSocialPlatformTheme/default/umsocial_kakaoTalk.png ... 
2018-12-13 15:39:21 +0000  1893 bytes for ./Payload/iShuYin.app/UMSocialSDKResources.bundle/UMSocialPlatformTheme/default/umsocial_kakaoTalk.png
2018-12-13 15:39:21 +0000  copying file ./Payload/iShuYin.app/UMSocialSDKResources.bundle/UMSocialPlatformTheme/default/umsocial_facebookmessenger.png ... 
2018-12-13 15:39:21 +0000  1749 bytes for ./Payload/iShuYin.app/UMSocialSDKResources.bundle/UMSocialPlatformTheme/default/umsocial_facebookmessenger.png
copying file ./Payload/iShuYin.app/UMSocialSDKResources.bundle/UMSocialPlatformTheme/default/umsocial_qzone.png ... 
2018-12-13 15:39:21 +0000  2083 bytes for ./Payload/iShuYin.app/UMSocialSDKResources.bundle/UMSocialPlatformTheme/default/umsocial_qzone.png
copying file ./Payload/iShuYin.app/UMSocialSDKResources.bundle/UMSocialPlatformTheme/default/umsocial_qq.png ... 
2018-12-13 15:39:21 +0000  3505 bytes for ./Payload/iShuYin.app/UMSocialSDKResources.bundle/UMSocialPlatformTheme/default/umsocial_qq.png
copying file ./Payload/iShuYin.app/UMSocialSDKResources.bundle/UMSocialPlatformTheme/default/umsocial_instagram.png ... 
2018-12-13 15:39:21 +0000  1952 bytes for ./Payload/iShuYin.app/UMSocialSDKResources.bundle/UMSocialPlatformTheme/default/umsocial_instagram.png
2018-12-13 15:39:21 +0000  copying file ./Payload/iShuYin.app/SleepCell.nib ... 
2018-12-13 15:39:21 +0000  3685 bytes for ./Payload/iShuYin.app/SleepCell.nib
2018-12-13 15:39:21 +0000  copying file ./Payload/iShuYin.app/AppIcon60x60@2x.png ... 
2018-12-13 15:39:21 +0000  4410 bytes for ./Payload/iShuYin.app/AppIcon60x60@2x.png
copying file ./Payload/iShuYin.app/IQKeyboardManager.bundle/IQButtonBarArrowRight@2x.png ... 
2018-12-13 15:39:21 +0000  1786 bytes for ./Payload/iShuYin.app/IQKeyboardManager.bundle/IQButtonBarArrowRight@2x.png
copying file ./Payload/iShuYin.app/IQKeyboardManager.bundle/IQButtonBarArrowUp@3x.png ... 
2018-12-13 15:39:21 +0000  2164 bytes for ./Payload/iShuYin.app/IQKeyboardManager.bundle/IQButtonBarArrowUp@3x.png
copying file ./Payload/iShuYin.app/IQKeyboardManager.bundle/IQButtonBarArrowUp@2x.png ... 
2018-12-13 15:39:21 +0000  1769 bytes for ./Payload/iShuYin.app/IQKeyboardManager.bundle/IQButtonBarArrowUp@2x.png
copying file ./Payload/iShuYin.app/IQKeyboardManager.bundle/IQButtonBarArrowRight@3x.png ... 
2018-12-13 15:39:21 +0000  1844 bytes for ./Payload/iShuYin.app/IQKeyboardManager.bundle/IQButtonBarArrowRight@3x.png
2018-12-13 15:39:21 +0000  copying file ./Payload/iShuYin.app/IQKeyboardManager.bundle/IQButtonBarArrowLeft@3x.png ... 
2018-12-13 15:39:21 +0000  1815 bytes for ./Payload/iShuYin.app/IQKeyboardManager.bundle/IQButtonBarArrowLeft@3x.png
copying file ./Payload/iShuYin.app/IQKeyboardManager.bundle/IQButtonBarArrowDown@3x.png ... 
2018-12-13 15:39:21 +0000  2177 bytes for ./Payload/iShuYin.app/IQKeyboardManager.bundle/IQButtonBarArrowDown@3x.png
copying file ./Payload/iShuYin.app/IQKeyboardManager.bundle/IQButtonBarArrowDown@2x.png ... 
2018-12-13 15:39:21 +0000  1764 bytes for ./Payload/iShuYin.app/IQKeyboardManager.bundle/IQButtonBarArrowDown@2x.png
copying file ./Payload/iShuYin.app/IQKeyboardManager.bundle/IQButtonBarArrowLeft@2x.png ... 
2018-12-13 15:39:21 +0000  1793 bytes for ./Payload/iShuYin.app/IQKeyboardManager.bundle/IQButtonBarArrowLeft@2x.png
copying file ./Payload/iShuYin.app/SubCollectCell.nib ... 
2018-12-13 15:39:21 +0000  5057 bytes for ./Payload/iShuYin.app/SubCollectCell.nib
copying file ./Payload/iShuYin.app/AppIcon29x29@2x.png ... 
2018-12-13 15:39:21 +0000  2435 bytes for ./Payload/iShuYin.app/AppIcon29x29@2x.png
2018-12-13 15:39:21 +0000  copying file ./Payload/iShuYin.app/SubscribeHeader.nib ... 
2018-12-13 15:39:21 +0000  3328 bytes for ./Payload/iShuYin.app/SubscribeHeader.nib
2018-12-13 15:39:21 +0000  copying file ./Payload/iShuYin.app/TencentOpenApi_IOS_Bundle.bundle/local.html ... 
2018-12-13 15:39:21 +0000  4556 bytes for ./Payload/iShuYin.app/TencentOpenApi_IOS_Bundle.bundle/local.html
copying file ./Payload/iShuYin.app/TencentOpenApi_IOS_Bundle.bundle/qqicon.png ... 
2018-12-13 15:39:21 +0000  1855 bytes for ./Payload/iShuYin.app/TencentOpenApi_IOS_Bundle.bundle/qqicon.png
copying file ./Payload/iShuYin.app/TencentOpenApi_IOS_Bundle.bundle/error.png ... 
2018-12-13 15:39:21 +0000  1578 bytes for ./Payload/iShuYin.app/TencentOpenApi_IOS_Bundle.bundle/error.png
copying file ./Payload/iShuYin.app/TencentOpenApi_IOS_Bundle.bundle/success.png ... 
2018-12-13 15:39:21 +0000  1761 bytes for ./Payload/iShuYin.app/TencentOpenApi_IOS_Bundle.bundle/success.png
copying file ./Payload/iShuYin.app/TencentOpenApi_IOS_Bundle.bundle/Info.plist ... 
2018-12-13 15:39:21 +0000  589 bytes for ./Payload/iShuYin.app/TencentOpenApi_IOS_Bundle.bundle/Info.plist
2018-12-13 15:39:21 +0000  copying file ./Payload/iShuYin.app/SubDownloadCell.nib ... 
2018-12-13 15:39:21 +0000  4737 bytes for ./Payload/iShuYin.app/SubDownloadCell.nib
2018-12-13 15:39:21 +0000  copying file ./Payload/iShuYin.app/CommentListCell.nib ... 
2018-12-13 15:39:21 +0000  5435 bytes for ./Payload/iShuYin.app/CommentListCell.nib
copying file ./Payload/iShuYin.app/iShuYin ... 
2018-12-13 15:39:22 +0000  7947568 bytes for ./Payload/iShuYin.app/iShuYin
copying file ./Payload/iShuYin.app/AppIcon40x40@3x.png ... 
2018-12-13 15:39:22 +0000  4410 bytes for ./Payload/iShuYin.app/AppIcon40x40@3x.png
2018-12-13 15:39:22 +0000  copying file ./Payload/iShuYin.app/changyan.bundle/face05.png ... 
2018-12-13 15:39:22 +0000  5394 bytes for ./Payload/iShuYin.app/changyan.bundle/face05.png
copying file ./Payload/iShuYin.app/changyan.bundle/face11.png ... 
2018-12-13 15:39:22 +0000  4959 bytes for ./Payload/iShuYin.app/changyan.bundle/face11.png
copying file ./Payload/iShuYin.app/changyan.bundle/face10.png ... 
2018-12-13 15:39:22 +0000  5025 bytes for ./Payload/iShuYin.app/changyan.bundle/face10.png
copying file ./Payload/iShuYin.app/changyan.bundle/face04.png ... 
2018-12-13 15:39:22 +0000  6563 bytes for ./Payload/iShuYin.app/changyan.bundle/face04.png
copying file ./Payload/iShuYin.app/changyan.bundle/face12.png ... 
2018-12-13 15:39:22 +0000  8249 bytes for ./Payload/iShuYin.app/changyan.bundle/face12.png
copying file ./Payload/iShuYin.app/changyan.bundle/face06.png ... 
2018-12-13 15:39:22 +0000  6629 bytes for ./Payload/iShuYin.app/changyan.bundle/face06.png
copying file ./Payload/iShuYin.app/changyan.bundle/face07.png ... 
2018-12-13 15:39:22 +0000  6441 bytes for ./Payload/iShuYin.app/changyan.bundle/face07.png
copying file ./Payload/iShuYin.app/changyan.bundle/face13.png ... 
2018-12-13 15:39:22 +0000  4704 bytes for ./Payload/iShuYin.app/changyan.bundle/face13.png
copying file ./Payload/iShuYin.app/changyan.bundle/face17.png ... 
2018-12-13 15:39:22 +0000  5905 bytes for ./Payload/iShuYin.app/changyan.bundle/face17.png
copying file ./Payload/iShuYin.app/changyan.bundle/face03.png ... 
2018-12-13 15:39:22 +0000  6546 bytes for ./Payload/iShuYin.app/changyan.bundle/face03.png
copying file ./Payload/iShuYin.app/changyan.bundle/ico28.png ... 
2018-12-13 15:39:22 +0000  1868 bytes for ./Payload/iShuYin.app/changyan.bundle/ico28.png
2018-12-13 15:39:22 +0000  copying file ./Payload/iShuYin.app/changyan.bundle/ico29.png ... 
1047 bytes for ./Payload/iShuYin.app/changyan.bundle/ico29.png
2018-12-13 15:39:22 +0000  copying file ./Payload/iShuYin.app/changyan.bundle/face02.png ... 
2018-12-13 15:39:22 +0000  5987 bytes for ./Payload/iShuYin.app/changyan.bundle/face02.png
copying file ./Payload/iShuYin.app/changyan.bundle/face16.png ... 
2018-12-13 15:39:22 +0000  6745 bytes for ./Payload/iShuYin.app/changyan.bundle/face16.png
copying file ./Payload/iShuYin.app/changyan.bundle/keyboard_ico1.png ... 
2018-12-13 15:39:22 +0000  3340 bytes for ./Payload/iShuYin.app/changyan.bundle/keyboard_ico1.png
2018-12-13 15:39:22 +0000  copying file ./Payload/iShuYin.app/changyan.bundle/face14.png ... 
2018-12-13 15:39:22 +0000  6079 bytes for ./Payload/iShuYin.app/changyan.bundle/face14.png
copying file ./Payload/iShuYin.app/changyan.bundle/ico03.png ... 
2018-12-13 15:39:22 +0000  3437 bytes for ./Payload/iShuYin.app/changyan.bundle/ico03.png
copying file ./Payload/iShuYin.app/changyan.bundle/face15.png ... 
2018-12-13 15:39:22 +0000  6057 bytes for ./Payload/iShuYin.app/changyan.bundle/face15.png
copying file ./Payload/iShuYin.app/changyan.bundle/face01.png ... 
2018-12-13 15:39:22 +0000  5673 bytes for ./Payload/iShuYin.app/changyan.bundle/face01.png
copying file ./Payload/iShuYin.app/changyan.bundle/upload_ico.png ... 
2018-12-13 15:39:22 +0000  3692 bytes for ./Payload/iShuYin.app/changyan.bundle/upload_ico.png
2018-12-13 15:39:22 +0000  copying file ./Payload/iShuYin.app/changyan.bundle/face_ico1.png ... 
2018-12-13 15:39:22 +0000  4549 bytes for ./Payload/iShuYin.app/changyan.bundle/face_ico1.png
copying file ./Payload/iShuYin.app/changyan.bundle/mylogin.png ... 
2018-12-13 15:39:22 +0000  56034 bytes for ./Payload/iShuYin.app/changyan.bundle/mylogin.png
copying file ./Payload/iShuYin.app/changyan.bundle/face_ico.png ... 
2018-12-13 15:39:22 +0000  4549 bytes for ./Payload/iShuYin.app/changyan.bundle/face_ico.png
2018-12-13 15:39:22 +0000  copying file ./Payload/iShuYin.app/changyan.bundle/list.png ... 
2018-12-13 15:39:22 +0000  3309 bytes for ./Payload/iShuYin.app/changyan.bundle/list.png
copying file ./Payload/iShuYin.app/changyan.bundle/keyboard_ico.png ... 
2018-12-13 15:39:22 +0000  3354 bytes for ./Payload/iShuYin.app/changyan.bundle/keyboard_ico.png
copying file ./Payload/iShuYin.app/changyan.bundle/upload_ico1.png ... 
2018-12-13 15:39:22 +0000  3691 bytes for ./Payload/iShuYin.app/changyan.bundle/upload_ico1.png
copying file ./Payload/iShuYin.app/changyan.bundle/ico40.png ... 
2018-12-13 15:39:22 +0000  3365 bytes for ./Payload/iShuYin.app/changyan.bundle/ico40.png
copying file ./Payload/iShuYin.app/changyan.bundle/star0.png ... 
2018-12-13 15:39:22 +0000  745 bytes for ./Payload/iShuYin.app/changyan.bundle/star0.png
copying file ./Payload/iShuYin.app/changyan.bundle/face24.png ... 
2018-12-13 15:39:22 +0000  5897 bytes for ./Payload/iShuYin.app/changyan.bundle/face24.png
copying file ./Payload/iShuYin.app/changyan.bundle/face18.png ... 
2018-12-13 15:39:22 +0000  6129 bytes for ./Payload/iShuYin.app/changyan.bundle/face18.png
2018-12-13 15:39:22 +0000  copying file ./Payload/iShuYin.app/changyan.bundle/ico27.png ... 
2018-12-13 15:39:22 +0000  800 bytes for ./Payload/iShuYin.app/changyan.bundle/ico27.png
copying file ./Payload/iShuYin.app/changyan.bundle/ico26.png ... 
2018-12-13 15:39:22 +0000  3429 bytes for ./Payload/iShuYin.app/changyan.bundle/ico26.png
copying file ./Payload/iShuYin.app/changyan.bundle/face19.png ... 
2018-12-13 15:39:22 +0000  5342 bytes for ./Payload/iShuYin.app/changyan.bundle/face19.png
2018-12-13 15:39:22 +0000  copying file ./Payload/iShuYin.app/changyan.bundle/star1.png ... 
1296 bytes for ./Payload/iShuYin.app/changyan.bundle/star1.png
2018-12-13 15:39:22 +0000  copying file ./Payload/iShuYin.app/changyan.bundle/star3.png ... 
1281 bytes for ./Payload/iShuYin.app/changyan.bundle/star3.png
2018-12-13 15:39:22 +0000  copying file ./Payload/iShuYin.app/changyan.bundle/ico30.png ... 
1881 bytes for ./Payload/iShuYin.app/changyan.bundle/ico30.png
2018-12-13 15:39:22 +0000  copying file ./Payload/iShuYin.app/changyan.bundle/ico25.png ... 
2018-12-13 15:39:22 +0000  3503 bytes for ./Payload/iShuYin.app/changyan.bundle/ico25.png
copying file ./Payload/iShuYin.app/changyan.bundle/star2.png ... 
2018-12-13 15:39:22 +0000  1303 bytes for ./Payload/iShuYin.app/changyan.bundle/star2.png
copying file ./Payload/iShuYin.app/changyan.bundle/face22.png ... 
2018-12-13 15:39:22 +0000  5012 bytes for ./Payload/iShuYin.app/changyan.bundle/face22.png
copying file ./Payload/iShuYin.app/changyan.bundle/ico21.png ... 
2018-12-13 15:39:22 +0000  440 bytes for ./Payload/iShuYin.app/changyan.bundle/ico21.png
copying file ./Payload/iShuYin.app/changyan.bundle/ico20.png ... 
2018-12-13 15:39:22 +0000  441 bytes for ./Payload/iShuYin.app/changyan.bundle/ico20.png
copying file ./Payload/iShuYin.app/changyan.bundle/face23.png ... 
2018-12-13 15:39:22 +0000  5595 bytes for ./Payload/iShuYin.app/changyan.bundle/face23.png
2018-12-13 15:39:22 +0000  copying file ./Payload/iShuYin.app/changyan.bundle/star5.png ... 
808 bytes for ./Payload/iShuYin.app/changyan.bundle/star5.png
2018-12-13 15:39:22 +0000  copying file ./Payload/iShuYin.app/changyan.bundle/face09.png ... 
2018-12-13 15:39:22 +0000  4966 bytes for ./Payload/iShuYin.app/changyan.bundle/face09.png
copying file ./Payload/iShuYin.app/changyan.bundle/face21.png ... 
2018-12-13 15:39:22 +0000  4941 bytes for ./Payload/iShuYin.app/changyan.bundle/face21.png
2018-12-13 15:39:22 +0000  copying file ./Payload/iShuYin.app/changyan.bundle/ico22.png ... 
2018-12-13 15:39:22 +0000  830 bytes for ./Payload/iShuYin.app/changyan.bundle/ico22.png
copying file ./Payload/iShuYin.app/changyan.bundle/face20.png ... 
2018-12-13 15:39:22 +0000  5329 bytes for ./Payload/iShuYin.app/changyan.bundle/face20.png
copying file ./Payload/iShuYin.app/changyan.bundle/face08.png ... 
2018-12-13 15:39:22 +0000  6274 bytes for ./Payload/iShuYin.app/changyan.bundle/face08.png
copying file ./Payload/iShuYin.app/changyan.bundle/star4.png ... 
2018-12-13 15:39:22 +0000  1244 bytes for ./Payload/iShuYin.app/changyan.bundle/star4.png
2018-12-13 15:39:22 +0000  copying file ./Payload/iShuYin.app/CategoryChildCell.nib ... 
2018-12-13 15:39:22 +0000  3290 bytes for ./Payload/iShuYin.app/CategoryChildCell.nib
copying file ./Payload/iShuYin.app/BookDetailOthersView.nib ... 
2018-12-13 15:39:22 +0000  4091 bytes for ./Payload/iShuYin.app/BookDetailOthersView.nib
copying file ./Payload/iShuYin.app/AppIcon40x40@2x.png ... 
2018-12-13 15:39:22 +0000  3166 bytes for ./Payload/iShuYin.app/AppIcon40x40@2x.png
copying file ./Payload/iShuYin.app/BookDownloadBottomView.nib ... 
2018-12-13 15:39:22 +0000  4069 bytes for ./Payload/iShuYin.app/BookDownloadBottomView.nib
copying file ./Payload/iShuYin.app/BookDownloadCell.nib ... 
2018-12-13 15:39:22 +0000  2660 bytes for ./Payload/iShuYin.app/BookDownloadCell.nib
2018-12-13 15:39:22 +0000  copying file ./Payload/iShuYin.app/UMSocialSDKPromptResources.bundle/zh-Hans.lproj/UMSocialPromptLocalizable.strings ... 
2018-12-13 15:39:22 +0000  8304 bytes for ./Payload/iShuYin.app/UMSocialSDKPromptResources.bundle/zh-Hans.lproj/UMSocialPromptLocalizable.strings
2018-12-13 15:39:22 +0000  copying file ./Payload/iShuYin.app/UMSocialSDKPromptResources.bundle/en.lproj/UMSocialPromptLocalizable.strings ... 
2018-12-13 15:39:22 +0000  8304 bytes for ./Payload/iShuYin.app/UMSocialSDKPromptResources.bundle/en.lproj/UMSocialPromptLocalizable.strings
2018-12-13 15:39:22 +0000  copying file ./Payload/iShuYin.app/SleepView.nib/objects-11.0+.nib ... 
2018-12-13 15:39:22 +0000  3512 bytes for ./Payload/iShuYin.app/SleepView.nib/objects-11.0+.nib
2018-12-13 15:39:22 +0000  copying file ./Payload/iShuYin.app/SleepView.nib/runtime.nib ... 
2018-12-13 15:39:22 +0000  3640 bytes for ./Payload/iShuYin.app/SleepView.nib/runtime.nib
2018-12-13 15:39:22 +0000  copying file ./Payload/iShuYin.app/AppIcon29x29@3x.png ... 
2018-12-13 15:39:22 +0000  3441 bytes for ./Payload/iShuYin.app/AppIcon29x29@3x.png
copying file ./Payload/iShuYin.app/BookDetailDescOneView.nib ... 
2018-12-13 15:39:22 +0000  4476 bytes for ./Payload/iShuYin.app/BookDetailDescOneView.nib
2018-12-13 15:39:22 +0000  copying file ./Payload/iShuYin.app/MineCell.nib ... 
2018-12-13 15:39:22 +0000  3371 bytes for ./Payload/iShuYin.app/MineCell.nib
copying file ./Payload/iShuYin.app/AppIcon60x60@3x.png ... 
2018-12-13 15:39:22 +0000  4919 bytes for ./Payload/iShuYin.app/AppIcon60x60@3x.png
copying file ./Payload/iShuYin.app/FeedbackCell.nib ... 
2018-12-13 15:39:22 +0000  3134 bytes for ./Payload/iShuYin.app/FeedbackCell.nib
2018-12-13 15:39:22 +0000  copying file ./Payload/iShuYin.app/Base.lproj/Main.storyboardc/YOd-3Y-qI9-view-RMs-fw-1Kp.nib ... 
2018-12-13 15:39:22 +0000  7302 bytes for ./Payload/iShuYin.app/Base.lproj/Main.storyboardc/YOd-3Y-qI9-view-RMs-fw-1Kp.nib
copying file ./Payload/iShuYin.app/Base.lproj/Main.storyboardc/bqV-Eb-SLc-view-2O2-gZ-rkv.nib ... 
2018-12-13 15:39:22 +0000  10864 bytes for ./Payload/iShuYin.app/Base.lproj/Main.storyboardc/bqV-Eb-SLc-view-2O2-gZ-rkv.nib
copying file ./Payload/iShuYin.app/Base.lproj/Main.storyboardc/FeedbackAddVC.nib ... 
2018-12-13 15:39:22 +0000  1141 bytes for ./Payload/iShuYin.app/Base.lproj/Main.storyboardc/FeedbackAddVC.nib
2018-12-13 15:39:22 +0000  copying file ./Payload/iShuYin.app/Base.lproj/Main.storyboardc/RegisterVC.nib ... 
1123 bytes for ./Payload/iShuYin.app/Base.lproj/Main.storyboardc/RegisterVC.nib
2018-12-13 15:39:22 +0000  copying file ./Payload/iShuYin.app/Base.lproj/Main.storyboardc/7Q8-oc-qfT-view-fMc-4B-bn5.nib ... 
2018-12-13 15:39:22 +0000  6002 bytes for ./Payload/iShuYin.app/Base.lproj/Main.storyboardc/7Q8-oc-qfT-view-fMc-4B-bn5.nib
copying file ./Payload/iShuYin.app/Base.lproj/Main.storyboardc/xfj-JB-t9N-view-Kn3-H3-Lrd.nib ... 
2018-12-13 15:39:22 +0000  11803 bytes for ./Payload/iShuYin.app/Base.lproj/Main.storyboardc/xfj-JB-t9N-view-Kn3-H3-Lrd.nib
copying file ./Payload/iShuYin.app/Base.lproj/Main.storyboardc/FindPswdVC.nib ... 
2018-12-13 15:39:22 +0000  1135 bytes for ./Payload/iShuYin.app/Base.lproj/Main.storyboardc/FindPswdVC.nib
copying file ./Payload/iShuYin.app/Base.lproj/Main.storyboardc/iQF-YQ-qeT-view-VRu-7P-PBg.nib ... 
2018-12-13 15:39:22 +0000  11984 bytes for ./Payload/iShuYin.app/Base.lproj/Main.storyboardc/iQF-YQ-qeT-view-VRu-7P-PBg.nib
copying file ./Payload/iShuYin.app/Base.lproj/Main.storyboardc/ModifyPswdVC.nib ... 
2018-12-13 15:39:22 +0000  1139 bytes for ./Payload/iShuYin.app/Base.lproj/Main.storyboardc/ModifyPswdVC.nib
copying file ./Payload/iShuYin.app/Base.lproj/Main.storyboardc/PlayVC.nib ... 
2018-12-13 15:39:22 +0000  1115 bytes for ./Payload/iShuYin.app/Base.lproj/Main.storyboardc/PlayVC.nib
copying file ./Payload/iShuYin.app/Base.lproj/Main.storyboardc/2yj-ci-mZQ-view-HCB-eu-o0g.nib ... 
2018-12-13 15:39:22 +0000  6174 bytes for ./Payload/iShuYin.app/Base.lproj/Main.storyboardc/2yj-ci-mZQ-view-HCB-eu-o0g.nib
copying file ./Payload/iShuYin.app/Base.lproj/Main.storyboardc/Info.plist ... 
2018-12-13 15:39:22 +0000  267 bytes for ./Payload/iShuYin.app/Base.lproj/Main.storyboardc/Info.plist
copying file ./Payload/iShuYin.app/Base.lproj/Main.storyboardc/LoginVC.nib ... 
2018-12-13 15:39:22 +0000  1117 bytes for ./Payload/iShuYin.app/Base.lproj/Main.storyboardc/LoginVC.nib
2018-12-13 15:39:22 +0000  copying file ./Payload/iShuYin.app/Base.lproj/LaunchScreen.storyboardc/01J-lp-oVM-view-Ze5-6b-2t3.nib ... 
2018-12-13 15:39:22 +0000  2263 bytes for ./Payload/iShuYin.app/Base.lproj/LaunchScreen.storyboardc/01J-lp-oVM-view-Ze5-6b-2t3.nib
copying file ./Payload/iShuYin.app/Base.lproj/LaunchScreen.storyboardc/UIViewController-01J-lp-oVM.nib ... 
2018-12-13 15:39:22 +0000  832 bytes for ./Payload/iShuYin.app/Base.lproj/LaunchScreen.storyboardc/UIViewController-01J-lp-oVM.nib
copying file ./Payload/iShuYin.app/Base.lproj/LaunchScreen.storyboardc/Info.plist ... 
2018-12-13 15:39:22 +0000  258 bytes for ./Payload/iShuYin.app/Base.lproj/LaunchScreen.storyboardc/Info.plist
2018-12-13 15:39:22 +0000  copying file ./Payload/iShuYin.app/FeedbackUserCell.nib ... 
2018-12-13 15:39:22 +0000  4664 bytes for ./Payload/iShuYin.app/FeedbackUserCell.nib
copying file ./Payload/iShuYin.app/UpdateForceView.nib ... 
2018-12-13 15:39:22 +0000  5035 bytes for ./Payload/iShuYin.app/UpdateForceView.nib
copying file ./Payload/iShuYin.app/CategoryCell.nib ... 
2018-12-13 15:39:22 +0000  2664 bytes for ./Payload/iShuYin.app/CategoryCell.nib
copying file ./Payload/iShuYin.app/BookChapterCell.nib ... 
2018-12-13 15:39:22 +0000  4372 bytes for ./Payload/iShuYin.app/BookChapterCell.nib
copying file ./Payload/iShuYin.app/SubRecentCell.nib ... 
2018-12-13 15:39:22 +0000  3689 bytes for ./Payload/iShuYin.app/SubRecentCell.nib
2018-12-13 15:39:22 +0000  copying file ./Payload/iShuYin.app/Assets.car ... 
2018-12-13 15:39:22 +0000  4084264 bytes for ./Payload/iShuYin.app/Assets.car
copying file ./Payload/iShuYin.app/BookChapterCountCell.nib ... 
2018-12-13 15:39:22 +0000  3038 bytes for ./Payload/iShuYin.app/BookChapterCountCell.nib
2018-12-13 15:39:22 +0000  copying file ./Payload/iShuYin.app/CategoryChildHeader.nib ... 
2018-12-13 15:39:22 +0000  2920 bytes for ./Payload/iShuYin.app/CategoryChildHeader.nib
copying file ./Payload/iShuYin.app/HomeListCell.nib ... 
2018-12-13 15:39:22 +0000  4291 bytes for ./Payload/iShuYin.app/HomeListCell.nib
copying file ./Payload/iShuYin.app/BookDetailDescTwoView.nib ... 
2018-12-13 15:39:22 +0000  5956 bytes for ./Payload/iShuYin.app/BookDetailDescTwoView.nib
copying file ./Payload/iShuYin.app/GuideCell.nib ... 
2018-12-13 15:39:22 +0000  2312 bytes for ./Payload/iShuYin.app/GuideCell.nib
copying file ./Payload/iShuYin.app/MineFooter.nib ... 
2018-12-13 15:39:22 +0000  2648 bytes for ./Payload/iShuYin.app/MineFooter.nib
copying file ./Payload/iShuYin.app/FeedbackTypeView.nib ... 
2018-12-13 15:39:22 +0000  3903 bytes for ./Payload/iShuYin.app/FeedbackTypeView.nib
copying file ./Payload/iShuYin.app/HomeCenterCell.nib ... 
2018-12-13 15:39:22 +0000  3872 bytes for ./Payload/iShuYin.app/HomeCenterCell.nib
copying file ./Payload/iShuYin.app/HomeLeftCell.nib ... 
2018-12-13 15:39:22 +0000  3883 bytes for ./Payload/iShuYin.app/HomeLeftCell.nib
2018-12-13 15:39:22 +0000  copying file ./Payload/iShuYin.app/BookPlayControlView.nib ... 
2018-12-13 15:39:22 +0000  2738 bytes for ./Payload/iShuYin.app/BookPlayControlView.nib
copying file ./Payload/iShuYin.app/embedded.mobileprovision ... 
2018-12-13 15:39:22 +0000  9892 bytes for ./Payload/iShuYin.app/embedded.mobileprovision
2018-12-13 15:39:22 +0000  copying file ./Payload/iShuYin.app/SVProgressHUD.bundle/info.png ... 
365 bytes for ./Payload/iShuYin.app/SVProgressHUD.bundle/info.png
2018-12-13 15:39:22 +0000  copying file ./Payload/iShuYin.app/SVProgressHUD.bundle/error@3x.png ... 
2018-12-13 15:39:22 +0000  398 bytes for ./Payload/iShuYin.app/SVProgressHUD.bundle/error@3x.png
copying file ./Payload/iShuYin.app/SVProgressHUD.bundle/angle-mask@3x.png ... 
2018-12-13 15:39:22 +0000  8319 bytes for ./Payload/iShuYin.app/SVProgressHUD.bundle/angle-mask@3x.png
copying file ./Payload/iShuYin.app/SVProgressHUD.bundle/angle-mask@2x.png ... 
2018-12-13 15:39:22 +0000  4893 bytes for ./Payload/iShuYin.app/SVProgressHUD.bundle/angle-mask@2x.png
copying file ./Payload/iShuYin.app/SVProgressHUD.bundle/error@2x.png ... 
2018-12-13 15:39:22 +0000  306 bytes for ./Payload/iShuYin.app/SVProgressHUD.bundle/error@2x.png
copying file ./Payload/iShuYin.app/SVProgressHUD.bundle/info@3x.png ... 
2018-12-13 15:39:22 +0000  1200 bytes for ./Payload/iShuYin.app/SVProgressHUD.bundle/info@3x.png
2018-12-13 15:39:22 +0000  copying file ./Payload/iShuYin.app/SVProgressHUD.bundle/success@2x.png ... 
462 bytes for ./Payload/iShuYin.app/SVProgressHUD.bundle/success@2x.png
2018-12-13 15:39:22 +0000  copying file ./Payload/iShuYin.app/SVProgressHUD.bundle/success@3x.png ... 
714 bytes for ./Payload/iShuYin.app/SVProgressHUD.bundle/success@3x.png
2018-12-13 15:39:22 +0000  copying file ./Payload/iShuYin.app/SVProgressHUD.bundle/info@2x.png ... 
816 bytes for ./Payload/iShuYin.app/SVProgressHUD.bundle/info@2x.png
2018-12-13 15:39:22 +0000  copying file ./Payload/iShuYin.app/SVProgressHUD.bundle/error.png ... 
184 bytes for ./Payload/iShuYin.app/SVProgressHUD.bundle/error.png
copying file ./Payload/iShuYin.app/SVProgressHUD.bundle/success.png ... 
2018-12-13 15:39:22 +0000  262 bytes for ./Payload/iShuYin.app/SVProgressHUD.bundle/success.png
copying file ./Payload/iShuYin.app/SVProgressHUD.bundle/angle-mask.png ... 
2018-12-13 15:39:22 +0000  1845 bytes for ./Payload/iShuYin.app/SVProgressHUD.bundle/angle-mask.png
2018-12-13 15:39:22 +0000  copying file ./Payload/iShuYin.app/CommentListHeader.nib ... 
2018-12-13 15:39:22 +0000  2516 bytes for ./Payload/iShuYin.app/CommentListHeader.nib
copying file ./Payload/iShuYin.app/Info.plist ... 
2018-12-13 15:39:22 +0000  2917 bytes for ./Payload/iShuYin.app/Info.plist
copying file ./Payload/iShuYin.app/FeedbackAdminCell.nib ... 
2018-12-13 15:39:22 +0000  4647 bytes for ./Payload/iShuYin.app/FeedbackAdminCell.nib
2018-12-13 15:39:22 +0000  copying file ./Payload/iShuYin.app/PkgInfo ... 
8 bytes for ./Payload/iShuYin.app/PkgInfo
copying file ./Payload/iShuYin.app/MineHeader.nib ... 
2018-12-13 15:39:22 +0000  8858 bytes for ./Payload/iShuYin.app/MineHeader.nib
2018-12-13 15:39:22 +0000  copying file ./Payload/iShuYin.app/ZXEmptyView.nib ... 
2018-12-13 15:39:22 +0000  2682 bytes for ./Payload/iShuYin.app/ZXEmptyView.nib
2018-12-13 15:39:22 +0000  /usr/bin/ditto exited with 0
2018-12-13 15:39:22 +0000  Processing step: IDEDistributionAppStoreInformationStep
2018-12-13 15:39:22 +0000  Skipping step: IDEDistributionAppStoreInformationStep because it said so
2018-12-13 15:39:22 +0000  Processing step: IDEDistributionCreateManifestStep
